10:13 root                 INFO    tutorial directory: 
10:13 root                 INFO    running madgraph on 100000 events and 500000 more events
10:13 root                 INFO    loading miner results...
10:13 madminer.utils.inter DEBUG   HDF5 file does not contain is_reference field.
10:13 madminer.core        INFO    Found 2 parameters:
10:13 madminer.core        INFO       TOP_MASS (LHA: MASS 6, maximal power in squared ME: (2,), range: (0.0, 1.0))
10:13 madminer.core        INFO       TOP_WIDTH (LHA: DECAY 6, maximal power in squared ME: (2,), range: (0.0, 1.0))
10:13 madminer.core        INFO    Found 33 benchmarks:
10:13 madminer.core        INFO       160_15: TOP_MASS = 1.60e+02, TOP_WIDTH = 1.50
10:13 madminer.core        INFO       161_15: TOP_MASS = 1.61e+02, TOP_WIDTH = 1.50
10:13 madminer.core        INFO       162_15: TOP_MASS = 1.62e+02, TOP_WIDTH = 1.50
10:13 madminer.core        INFO       163_15: TOP_MASS = 1.63e+02, TOP_WIDTH = 1.50
10:13 madminer.core        INFO       164_15: TOP_MASS = 1.64e+02, TOP_WIDTH = 1.50
10:13 madminer.core        INFO       165_15: TOP_MASS = 1.65e+02, TOP_WIDTH = 1.50
10:13 madminer.core        INFO       166_15: TOP_MASS = 1.66e+02, TOP_WIDTH = 1.50
10:13 madminer.core        INFO       167_15: TOP_MASS = 1.67e+02, TOP_WIDTH = 1.50
10:13 madminer.core        INFO       168_15: TOP_MASS = 1.68e+02, TOP_WIDTH = 1.50
10:13 madminer.core        INFO       169_15: TOP_MASS = 1.69e+02, TOP_WIDTH = 1.50
10:13 madminer.core        INFO       170_15: TOP_MASS = 1.70e+02, TOP_WIDTH = 1.50
10:13 madminer.core        INFO       171_15: TOP_MASS = 1.71e+02, TOP_WIDTH = 1.50
10:13 madminer.core        INFO       172_15: TOP_MASS = 1.72e+02, TOP_WIDTH = 1.50
10:13 madminer.core        INFO       173_15: TOP_MASS = 1.73e+02, TOP_WIDTH = 1.50
10:13 madminer.core        INFO       174_15: TOP_MASS = 1.74e+02, TOP_WIDTH = 1.50
10:13 madminer.core        INFO       175_15: TOP_MASS = 1.75e+02, TOP_WIDTH = 1.50
10:13 madminer.core        INFO       176_15: TOP_MASS = 1.76e+02, TOP_WIDTH = 1.50
10:13 madminer.core        INFO       177_15: TOP_MASS = 1.77e+02, TOP_WIDTH = 1.50
10:13 madminer.core        INFO       178_15: TOP_MASS = 1.78e+02, TOP_WIDTH = 1.50
10:13 madminer.core        INFO       179_15: TOP_MASS = 1.79e+02, TOP_WIDTH = 1.50
10:13 madminer.core        INFO       180_15: TOP_MASS = 1.80e+02, TOP_WIDTH = 1.50
10:13 madminer.core        INFO       181_15: TOP_MASS = 1.81e+02, TOP_WIDTH = 1.50
10:13 madminer.core        INFO       182_15: TOP_MASS = 1.82e+02, TOP_WIDTH = 1.50
10:13 madminer.core        INFO       183_15: TOP_MASS = 1.83e+02, TOP_WIDTH = 1.50
10:13 madminer.core        INFO       184_15: TOP_MASS = 1.84e+02, TOP_WIDTH = 1.50
10:13 madminer.core        INFO       185_15: TOP_MASS = 1.85e+02, TOP_WIDTH = 1.50
10:13 madminer.core        INFO       160_40: TOP_MASS = 1.60e+02, TOP_WIDTH = 4.00
10:13 madminer.core        INFO       165_40: TOP_MASS = 1.65e+02, TOP_WIDTH = 4.00
10:13 madminer.core        INFO       170_40: TOP_MASS = 1.70e+02, TOP_WIDTH = 4.00
10:13 madminer.core        INFO       175_40: TOP_MASS = 1.75e+02, TOP_WIDTH = 4.00
10:13 madminer.core        INFO       180_40: TOP_MASS = 1.80e+02, TOP_WIDTH = 4.00
10:13 madminer.core        INFO       185_40: TOP_MASS = 1.85e+02, TOP_WIDTH = 4.00
10:13 madminer.core        INFO       172.5_40: TOP_MASS = 1.72e+02, TOP_WIDTH = 4.00
10:13 madminer.core        INFO    Did not find morphing setup.
10:13 madminer.core        INFO    Did not find systematics setup.
10:13 root                 INFO    skipping LHEProcessor...
10:13 madminer.analysis    INFO    Loading data from data/madminer_example_mvm_with_data.h5
10:13 madminer.analysis    INFO    Found 2 parameters
10:13 madminer.analysis    DEBUG      TOP_MASS (LHA: MASS 6, maximal power in squared ME: (2,), range: (0.0, 1.0))
10:13 madminer.analysis    DEBUG      TOP_WIDTH (LHA: DECAY 6, maximal power in squared ME: (2,), range: (0.0, 1.0))
10:13 madminer.analysis    INFO    Did not find nuisance parameters
10:13 madminer.analysis    INFO    Found 33 benchmarks, of which 33 physical
10:13 madminer.analysis    DEBUG      160_15: TOP_MASS = 1.60e+02, TOP_WIDTH = 1.50
10:13 madminer.analysis    DEBUG      161_15: TOP_MASS = 1.61e+02, TOP_WIDTH = 1.50
10:13 madminer.analysis    DEBUG      162_15: TOP_MASS = 1.62e+02, TOP_WIDTH = 1.50
10:13 madminer.analysis    DEBUG      163_15: TOP_MASS = 1.63e+02, TOP_WIDTH = 1.50
10:13 madminer.analysis    DEBUG      164_15: TOP_MASS = 1.64e+02, TOP_WIDTH = 1.50
10:13 madminer.analysis    DEBUG      165_15: TOP_MASS = 1.65e+02, TOP_WIDTH = 1.50
10:13 madminer.analysis    DEBUG      166_15: TOP_MASS = 1.66e+02, TOP_WIDTH = 1.50
10:13 madminer.analysis    DEBUG      167_15: TOP_MASS = 1.67e+02, TOP_WIDTH = 1.50
10:13 madminer.analysis    DEBUG      168_15: TOP_MASS = 1.68e+02, TOP_WIDTH = 1.50
10:13 madminer.analysis    DEBUG      169_15: TOP_MASS = 1.69e+02, TOP_WIDTH = 1.50
10:13 madminer.analysis    DEBUG      170_15: TOP_MASS = 1.70e+02, TOP_WIDTH = 1.50
10:13 madminer.analysis    DEBUG      171_15: TOP_MASS = 1.71e+02, TOP_WIDTH = 1.50
10:13 madminer.analysis    DEBUG      172_15: TOP_MASS = 1.72e+02, TOP_WIDTH = 1.50
10:13 madminer.analysis    DEBUG      173_15: TOP_MASS = 1.73e+02, TOP_WIDTH = 1.50
10:13 madminer.analysis    DEBUG      174_15: TOP_MASS = 1.74e+02, TOP_WIDTH = 1.50
10:13 madminer.analysis    DEBUG      175_15: TOP_MASS = 1.75e+02, TOP_WIDTH = 1.50
10:13 madminer.analysis    DEBUG      176_15: TOP_MASS = 1.76e+02, TOP_WIDTH = 1.50
10:13 madminer.analysis    DEBUG      177_15: TOP_MASS = 1.77e+02, TOP_WIDTH = 1.50
10:13 madminer.analysis    DEBUG      178_15: TOP_MASS = 1.78e+02, TOP_WIDTH = 1.50
10:13 madminer.analysis    DEBUG      179_15: TOP_MASS = 1.79e+02, TOP_WIDTH = 1.50
10:13 madminer.analysis    DEBUG      180_15: TOP_MASS = 1.80e+02, TOP_WIDTH = 1.50
10:13 madminer.analysis    DEBUG      181_15: TOP_MASS = 1.81e+02, TOP_WIDTH = 1.50
10:13 madminer.analysis    DEBUG      182_15: TOP_MASS = 1.82e+02, TOP_WIDTH = 1.50
10:13 madminer.analysis    DEBUG      183_15: TOP_MASS = 1.83e+02, TOP_WIDTH = 1.50
10:13 madminer.analysis    DEBUG      184_15: TOP_MASS = 1.84e+02, TOP_WIDTH = 1.50
10:13 madminer.analysis    DEBUG      185_15: TOP_MASS = 1.85e+02, TOP_WIDTH = 1.50
10:13 madminer.analysis    DEBUG      160_40: TOP_MASS = 1.60e+02, TOP_WIDTH = 4.00
10:13 madminer.analysis    DEBUG      165_40: TOP_MASS = 1.65e+02, TOP_WIDTH = 4.00
10:13 madminer.analysis    DEBUG      170_40: TOP_MASS = 1.70e+02, TOP_WIDTH = 4.00
10:13 madminer.analysis    DEBUG      175_40: TOP_MASS = 1.75e+02, TOP_WIDTH = 4.00
10:13 madminer.analysis    DEBUG      180_40: TOP_MASS = 1.80e+02, TOP_WIDTH = 4.00
10:13 madminer.analysis    DEBUG      185_40: TOP_MASS = 1.85e+02, TOP_WIDTH = 4.00
10:13 madminer.analysis    DEBUG      172.5_40: TOP_MASS = 1.72e+02, TOP_WIDTH = 4.00
10:13 madminer.analysis    INFO    Found 23 observables
10:13 madminer.analysis    DEBUG      0 j_0_E
10:13 madminer.analysis    DEBUG      1 j_0_pt
10:13 madminer.analysis    DEBUG      2 j_0_eta
10:13 madminer.analysis    DEBUG      3 j_0_phi
10:13 madminer.analysis    DEBUG      4 j_1_E
10:13 madminer.analysis    DEBUG      5 j_1_pt
10:13 madminer.analysis    DEBUG      6 j_1_eta
10:13 madminer.analysis    DEBUG      7 j_1_phi
10:13 madminer.analysis    DEBUG      8 e_0_E
10:13 madminer.analysis    DEBUG      9 e_0_pt
10:13 madminer.analysis    DEBUG     10 e_0_eta
10:13 madminer.analysis    DEBUG     11 e_0_phi
10:13 madminer.analysis    DEBUG     12 mu_0_E
10:13 madminer.analysis    DEBUG     13 mu_0_pt
10:13 madminer.analysis    DEBUG     14 mu_0_eta
10:13 madminer.analysis    DEBUG     15 mu_0_phi
10:13 madminer.analysis    DEBUG     16 met_pt
10:13 madminer.analysis    DEBUG     17 met_phi
10:13 madminer.analysis    DEBUG     18 m_e_0_j_0
10:13 madminer.analysis    DEBUG     19 m_e_0_j_1
10:13 madminer.analysis    DEBUG     20 m_mu_0_j_0
10:13 madminer.analysis    DEBUG     21 m_mu_0_j_1
10:13 madminer.analysis    DEBUG     22 mt2
10:13 madminer.analysis    INFO    Found 479501 events
10:13 madminer.analysis    INFO      39782 signal events sampled from benchmark 160_40
10:13 madminer.analysis    INFO      41421 signal events sampled from benchmark 165_40
10:13 madminer.analysis    INFO      42978 signal events sampled from benchmark 170_40
10:13 madminer.analysis    INFO      43969 signal events sampled from benchmark 175_40
10:13 madminer.analysis    INFO      45575 signal events sampled from benchmark 180_40
10:13 madminer.analysis    INFO      47226 signal events sampled from benchmark 185_40
10:13 madminer.analysis    INFO      218550 signal events sampled from benchmark 172.5_40
10:13 madminer.analysis    INFO    Did not find morphing setup.
10:13 madminer.analysis    INFO    Did not find nuisance morphing setup
10:13 madminer.plotting    DEBUG   Observable indices: [0, 1, 2, 3, 4, 5, 6, 7, 8, 9, 10, 11, 12, 13, 14, 15, 16, 17, 18, 19, 20, 21, 22]
10:13 madminer.plotting    DEBUG   Calculated 6 theta matrices
10:13 madminer.analysis    DEBUG   Sampling benchmark closest to None: None
10:13 madminer.analysis    DEBUG   Events per benchmark: [     0.      0.      0.      0.      0.      0.      0.      0.      0.
      0.      0.      0.      0.      0.      0.      0.      0.      0.
      0.      0.      0.      0.      0.      0.      0.      0.  39782.
  41421.  42978.  43969.  45575.  47226. 218550.]
10:13 madminer.utils.inter DEBUG   Sampling IDs: [26 26 26 ... 32 32 32]
10:13 madminer.utils.inter DEBUG   k-factors: [0.08296542 0.08296542 0.08296542 ... 0.45578633 0.45578633 0.45578633]
10:13 madminer.plotting    DEBUG   Loaded raw data with shapes (479501, 23), (479501, 33)
10:13 madminer.analysis    DEBUG   Sampling benchmark closest to [160.    1.5]: 26
10:13 madminer.analysis    DEBUG   Sampling benchmark closest to [172.    1.5]: 32
10:13 madminer.analysis    DEBUG   Sampling benchmark closest to [185.    1.5]: 31
10:13 madminer.analysis    DEBUG   Sampling benchmark closest to [160.   4.]: 26
10:13 madminer.analysis    DEBUG   Sampling benchmark closest to [170.   4.]: 28
10:13 madminer.analysis    DEBUG   Sampling benchmark closest to [185.   4.]: 31
10:13 madminer.plotting    DEBUG   Plotting panel 0: observable 0, label j_0_E
10:13 madminer.plotting    DEBUG   Ranges for observable j_0_E: min = [25.944070022999707, 25.944070022999707, 45.90000155879996, 25.944070022999707, 25.944070022999707, 25.944070022999707], max = [860.4508580798871, 791.7166180494828, 430.92234458265216, 805.3772976771625, 750.062094940825, 455.6189848496586]
10:13 madminer.plotting    DEBUG   Plotting panel 1: observable 1, label j_0_pt
10:13 madminer.plotting    DEBUG   Ranges for observable j_0_pt: min = [25.212812375222395, 25.212812375222395, 41.20372939089535, 25.212812375222395, 25.212812375222395, 25.212812375222395], max = [225.73671633688207, 240.76636453312133, 286.03195535926477, 216.93884831257375, 225.4033145390519, 287.55001336397845]
10:13 madminer.plotting    DEBUG   Plotting panel 2: observable 2, label j_0_eta
10:13 madminer.plotting    DEBUG   Ranges for observable j_0_eta: min = [-2.103204210223112, -2.924440167368119, -1.6100068041028872, -2.598385536866732, -2.9372109730389364, -2.215749545060923], max = [3.1635325801437073, 3.144431623979139, 2.065797852205366, 3.1445743587707895, 2.9371055467758698, 2.549538952814751]
10:13 madminer.plotting    DEBUG   Plotting panel 3: observable 3, label j_0_phi
10:13 madminer.plotting    DEBUG   Ranges for observable j_0_phi: min = [-3.0617968685596573, -3.1415758357759005, -3.0765932501928592, -3.1415758357759005, -3.1415758357759005, -3.1415758357759005], max = [3.1415779871347964, 3.1415779871347964, 2.98291762587676, 3.1415779871347964, 3.1415779871347964, 3.1415779871347964]
10:13 madminer.plotting    DEBUG   Plotting panel 4: observable 4, label j_1_E
10:13 madminer.plotting    DEBUG   Ranges for observable j_1_E: min = [25.45811531484486, 25.45811531484486, 25.45811531484486, 25.45811531484486, 25.45811531484486, 25.45811531484486], max = [386.92216181240843, 572.1526283445253, 318.3653833497153, 389.76749720856014, 587.6682131807486, 627.3792895950987]
10:13 madminer.plotting    DEBUG   Plotting panel 5: observable 5, label j_1_pt
10:13 madminer.plotting    DEBUG   Ranges for observable j_1_pt: min = [25.19974629353066, 25.00014446798753, 25.763817716761256, 25.00014446798753, 25.00014446798753, 25.00014446798753], max = [96.15598791920853, 152.18920772978166, 118.16968398406547, 100.67315256216094, 140.03124884268965, 136.2642892916638]
10:13 madminer.plotting    DEBUG   Plotting panel 6: observable 6, label j_1_eta
10:13 madminer.plotting    DEBUG   Ranges for observable j_1_eta: min = [-2.426612740124492, -3.233784229604984, -1.9420680610730103, -2.785389111845135, -3.3627592202855667, -2.966141921644894], max = [2.4584051848104993, 3.4306318551197954, 2.0796475273505766, 2.676718016902469, 3.262907799805563, 2.957863145606362]
10:13 madminer.plotting    DEBUG   Plotting panel 7: observable 7, label j_1_phi
10:13 madminer.plotting    DEBUG   Ranges for observable j_1_phi: min = [-3.141572334050958, -3.141572334050958, -2.9950428066189922, -3.141572334050958, -3.141572334050958, -3.141572334050958], max = [3.1363358173347464, 3.1415923757923383, 2.6498353614344596, 3.1415923757923383, 3.1415923757923383, 3.1415923757923383]
10:13 madminer.plotting    DEBUG   Plotting panel 8: observable 8, label e_0_E
10:13 madminer.plotting    DEBUG   Ranges for observable e_0_E: min = [25.00363967913422, 25.00363967913422, 25.00363967913422, 25.00363967913422, 25.00363967913422, 25.00363967913422], max = [285.2561143813336, 593.9677137493234, 208.44794557807722, 369.82109979004616, 564.4041288662054, 377.8564019768671]
10:13 madminer.plotting    DEBUG   Plotting panel 9: observable 9, label e_0_pt
10:13 madminer.plotting    DEBUG   Ranges for observable e_0_pt: min = [25.000036981592427, 25.000036981592427, 25.000036981592427, 25.000036981592427, 25.000036981592427, 25.000036981592427], max = [146.84604727628417, 217.03348693907478, 149.01159350437862, 158.57328625001472, 163.60126633173527, 198.69671111869616]
10:13 madminer.plotting    DEBUG   Plotting panel 10: observable 10, label e_0_eta
10:13 madminer.plotting    DEBUG   Ranges for observable e_0_eta: min = [-2.0399671039402154, -3.267765024329331, -1.472961420680505, -2.457318124241464, -3.2688106848708727, -2.7033157128544856], max = [2.6151195444434054, 3.0476272511585005, 2.9443775256479174, 2.653222095011083, 3.0703608728397818, 3.053621962595474]
10:13 madminer.plotting    DEBUG   Plotting panel 11: observable 11, label e_0_phi
10:13 madminer.plotting    DEBUG   Ranges for observable e_0_phi: min = [-3.0792253973047323, -3.1415670149178756, -3.1415670149178756, -3.0793007666780694, -3.1415670149178756, -3.1415670149178756], max = [3.141578089657765, 3.141578089657765, 2.839212963449933, 3.141578089657765, 3.141578089657765, 3.141578089657765]
10:13 madminer.plotting    DEBUG   Plotting panel 12: observable 12, label mu_0_E
10:13 madminer.plotting    DEBUG   Ranges for observable mu_0_E: min = [25.018258645714717, 25.018258645714717, 25.018258645714717, 25.018258645714717, 25.018258645714717, 25.018258645714717], max = [497.07554014242066, 590.890358663636, 611.4456210028453, 497.28324117708996, 496.02028025386926, 611.8321687845068]
10:13 madminer.plotting    DEBUG   Plotting panel 13: observable 13, label mu_0_pt
10:13 madminer.plotting    DEBUG   Ranges for observable mu_0_pt: min = [25.000136661574416, 25.000136661574416, 25.000136661574416, 25.000136661574416, 25.000136661574416, 25.000136661574416], max = [171.62538462276362, 158.5518633527064, 408.5871621328319, 171.66183098480684, 158.48516505755907, 408.0609170703322]
10:13 madminer.plotting    DEBUG   Plotting panel 14: observable 14, label mu_0_eta
10:13 madminer.plotting    DEBUG   Ranges for observable mu_0_eta: min = [-2.7387289950281493, -2.9075274290262514, -1.6727211781993885, -2.7526378069325417, -2.8648737728295597, -2.311631189545951], max = [2.4827692203656135, 2.9594837790762614, 2.252820529585755, 2.6323601858852945, 2.93046859563018, 2.6111119547179404]
10:13 madminer.plotting    DEBUG   Plotting panel 15: observable 15, label mu_0_phi
10:13 madminer.plotting    DEBUG   Ranges for observable mu_0_phi: min = [-3.141590905420682, -3.141590905420682, -3.141590905420682, -3.141590905420682, -3.141590905420682, -3.141590905420682], max = [3.110692151159247, 3.141576172790189, 2.602936243849386, 3.141576172790189, 3.141576172790189, 3.141576172790189]
10:13 madminer.plotting    DEBUG   Plotting panel 16: observable 16, label met_pt
10:13 madminer.plotting    DEBUG   Ranges for observable met_pt: min = [25.000244773222203, 25.000244773222203, 26.64298325777311, 25.000244773222203, 25.000244773222203, 25.000244773222203], max = [120.25536112100913, 184.84257536511222, 199.545971666944, 139.57146980522356, 168.44614808987117, 200.41027576491402]
10:13 madminer.plotting    DEBUG   Plotting panel 17: observable 17, label met_phi
10:13 madminer.plotting    DEBUG   Ranges for observable met_phi: min = [-3.141563194786174, -3.141563194786174, -3.141563194786174, -3.141563194786174, -3.141563194786174, -3.141563194786174], max = [3.1415797912392898, 3.1415797912392898, 3.1415797912392898, 3.1415797912392898, 3.1415797912392898, 3.1415797912392898]
10:13 madminer.plotting    DEBUG   Plotting panel 18: observable 18, label m_e_0_j_0
10:13 madminer.plotting    DEBUG   Ranges for observable m_e_0_j_0: min = [5.154519991518763, 5.154519991518763, 10.725085303200046, 5.154519991518763, 5.154519991518763, 5.154519991518763], max = [1238.2516766388862, 1166.5523539706646, 528.0996652232152, 1214.106261445002, 1099.8234288029762, 740.2198202288288]
10:13 madminer.plotting    DEBUG   Plotting panel 19: observable 19, label m_e_0_j_1
10:13 madminer.plotting    DEBUG   Ranges for observable m_e_0_j_1: min = [14.225322266094253, 5.686486867782307, 15.30450553835928, 5.686486867782307, 5.686486867782307, 5.686486867782307], max = [497.2899345595689, 991.7928969601131, 533.7367930731159, 672.1265167772111, 983.4872819034541, 876.2945764467984]
10:13 madminer.plotting    DEBUG   Plotting panel 20: observable 20, label m_mu_0_j_0
10:13 madminer.plotting    DEBUG   Ranges for observable m_mu_0_j_0: min = [5.245661204466361, 5.245661204466361, 5.245661204466361, 5.245661204466361, 5.245661204466361, 5.245661204466361], max = [1203.3415815856388, 1126.755440892849, 646.3859462250157, 1114.8965635661427, 1066.2333893060427, 683.1037942711033]
10:13 madminer.plotting    DEBUG   Plotting panel 21: observable 21, label m_mu_0_j_1
10:13 madminer.plotting    DEBUG   Ranges for observable m_mu_0_j_1: min = [6.549054150389381, 5.406570831915643, 8.29765488810235, 5.406570831915643, 5.406570831915643, 5.406570831915643], max = [655.446967137429, 946.3127768476224, 491.40560583222384, 657.1979303414456, 890.7484786984865, 840.0065818921488]
10:13 madminer.plotting    DEBUG   Plotting panel 22: observable 22, label mt2
10:13 madminer.plotting    DEBUG   Ranges for observable mt2: min = [84.38254680150395, 72.59014155425905, 96.40281530401266, 77.86596769226708, 68.08376266449714, 82.57620209637585], max = [149.2632062744301, 171.86314628697312, 174.6571172721158, 156.68589750894589, 172.2945960912088, 180.62942336181706]
10:13 matplotlib.font_mana DEBUG   findfont: Matching :family=sans-serif:style=normal:variant=normal:weight=normal:stretch=normal:size=10.0 to DejaVu Sans (u'/home/zbhatti/.conda/envs/mm_vs_mem/lib/python2.7/site-packages/matplotlib/mpl-data/fonts/ttf/DejaVuSans.ttf') with score of 0.050000
10:14 root                 INFO    skipping SampleAugmenter...
10:14 root                 INFO    running forge
10:14 madminer.ml          INFO    Starting training
10:14 madminer.ml          INFO      Method:                 alice
10:14 madminer.ml          INFO      Batch size:             256
10:14 madminer.ml          INFO      Optimizer:              amsgrad
10:14 madminer.ml          INFO      Epochs:                 25
10:14 madminer.ml          INFO      Learning rate:          0.001 initially, decaying to 0.0001
10:14 madminer.ml          INFO      Validation split:       0.3
10:14 madminer.ml          INFO      Early stopping:         True
10:14 madminer.ml          INFO      Scale inputs:           True
10:14 madminer.ml          INFO      Scale parameters:       False
10:14 madminer.ml          INFO      Shuffle labels          False
10:14 madminer.ml          INFO      Samples:                all
10:14 madminer.ml          INFO    Loading training data
10:14 madminer.utils.vario INFO      Loading data/samples/theta0_train.npy into RAM
10:14 madminer.utils.vario INFO      Loading data/samples/x_train.npy into RAM
10:14 madminer.utils.vario INFO      Loading data/samples/y_train.npy into RAM
10:14 madminer.utils.vario INFO      Loading data/samples/r_xz_train.npy into RAM
10:14 madminer.ml          INFO    Found 5000008 samples with 2 parameters and 23 observables
10:14 madminer.ml          INFO    Rescaling inputs
10:14 madminer.ml          INFO    Creating model
10:14 madminer.ml          INFO    Training model
10:14 madminer.utils.ml.tr INFO    Training on GPU with single precision
10:14 madminer.utils.ml.tr DEBUG   Initialising training data
10:14 madminer.utils.ml.tr DEBUG   Model score will not be calculated
10:14 madminer.utils.ml.tr DEBUG   Training data:
10:14 madminer.utils.ml.tr DEBUG     x: shape (5000008, 23), first [-0.5193814   0.20147318 -0.1413164  -0.07700825 -0.7489699  -1.0440371
 -0.18573639 -0.72284484 -0.6597986  -0.7472432  -0.4964181  -1.7043155
 -0.20858559  0.49025783  0.618249   -1.378434    0.50251806  0.97515225
 -0.82251835 -0.8395473  -0.6236469  -0.6376349  -0.20119666], mean [ 5.2715058e-04  3.1817783e-04  2.2367264e-08 -2.1829871e-07
 -2.8444480e-03 -1.2396399e-03  1.4094090e-07  3.6503613e-09
 -2.2849580e-03 -2.3842857e-03  9.9731707e-08  7.9999808e-08
 -2.3246077e-03 -2.3792950e-03 -1.0527146e-08 -4.1693191e-08
  4.5281055e-04  6.2842254e-08  1.3811431e-04  1.6534758e-04
  1.2756673e-04  4.9872797e-05  8.2907639e-03], min [-0.9534813  -1.5449814  -3.5260644  -1.732925   -0.7616456  -1.0792778
 -3.5671954  -1.7351018  -0.785274   -1.0244807  -3.788911   -1.7318761
 -0.788951   -1.0218784  -3.561924   -1.7390575  -1.3767991  -1.7343376
 -0.9980627  -0.9607855  -0.99735206 -0.96108055 -4.8202634 ], max [16.415115  19.745274   3.7611248  1.7363205 17.14705   19.428215
  3.5036254  1.7343827 19.807072  18.963953   3.4497557  1.7349048
 17.314344  17.368116   3.585467   1.7368755 19.067764   1.7375247
 12.477577  13.6667595 13.817544  14.363086   8.694227 ]
10:14 madminer.utils.ml.tr DEBUG     theta: shape (5000008, 2), first [171.    1.5], mean [178.97284   1.5    ], min [160.    1.5], max [185.    1.5]
10:14 madminer.utils.ml.tr DEBUG     y: shape (5000008, 1), first [0.], mean [0.5], min [0.], max [1.]
10:14 madminer.utils.ml.tr DEBUG     r_xz: shape (5000008, 1), first [11.138299], mean [405.14148], min [5.9959642e-05], max [21770.707]
10:14 madminer.utils.ml.tr DEBUG   Setting up optimizer
10:14 madminer.utils.ml.tr DEBUG   Using early stopping with infinite patience
10:14 madminer.utils.ml.tr DEBUG   Will print training progress every 1 epochs
10:14 madminer.utils.ml.tr DEBUG   Beginning main training loop
10:14 madminer.utils.ml.tr DEBUG   Training epoch 1 / 25
10:14 madminer.utils.ml.tr DEBUG   Learning rate: 0.001
10:16 madminer.utils.ml.tr INFO    Epoch   1: train loss  0.69248 (improved_xe:  0.692)
10:16 madminer.utils.ml.tr INFO               val. loss   0.69240 (improved_xe:  0.692)
10:16 madminer.utils.ml.tr DEBUG   Training epoch 2 / 25
10:16 madminer.utils.ml.tr DEBUG   Learning rate: 0.000908517575652
10:18 madminer.utils.ml.tr INFO    Epoch   2: train loss  0.68474 (improved_xe:  0.685)
10:18 madminer.utils.ml.tr INFO               val. loss   0.67214 (improved_xe:  0.672)
10:18 madminer.utils.ml.tr DEBUG   Training epoch 3 / 25
10:18 madminer.utils.ml.tr DEBUG   Learning rate: 0.000825404185268
10:19 madminer.utils.ml.tr INFO    Epoch   3: train loss  0.67262 (improved_xe:  0.673)
10:19 madminer.utils.ml.tr INFO               val. loss   0.67247 (improved_xe:  0.672)
10:19 madminer.utils.ml.tr DEBUG   Training epoch 4 / 25
10:19 madminer.utils.ml.tr DEBUG   Learning rate: 0.000749894209332
10:21 madminer.utils.ml.tr INFO    Epoch   4: train loss  0.67098 (improved_xe:  0.671)
10:21 madminer.utils.ml.tr INFO               val. loss   0.66974 (improved_xe:  0.670)
10:21 madminer.utils.ml.tr DEBUG   Training epoch 5 / 25
10:21 madminer.utils.ml.tr DEBUG   Learning rate: 0.000681292069058
10:23 madminer.utils.ml.tr INFO    Epoch   5: train loss  0.67016 (improved_xe:  0.670)
10:23 madminer.utils.ml.tr INFO               val. loss   0.66951 (improved_xe:  0.670)
10:23 madminer.utils.ml.tr DEBUG   Training epoch 6 / 25
10:23 madminer.utils.ml.tr DEBUG   Learning rate: 0.000618965818891
10:25 madminer.utils.ml.tr INFO    Epoch   6: train loss  0.66966 (improved_xe:  0.670)
10:25 madminer.utils.ml.tr INFO               val. loss   0.66923 (improved_xe:  0.669)
10:25 madminer.utils.ml.tr DEBUG   Training epoch 7 / 25
10:25 madminer.utils.ml.tr DEBUG   Learning rate: 0.00056234132519
10:27 madminer.utils.ml.tr INFO    Epoch   7: train loss  0.66920 (improved_xe:  0.669)
10:27 madminer.utils.ml.tr INFO               val. loss   0.66805 (improved_xe:  0.668)
10:27 madminer.utils.ml.tr DEBUG   Training epoch 8 / 25
10:27 madminer.utils.ml.tr DEBUG   Learning rate: 0.000510896977451
10:29 madminer.utils.ml.tr INFO    Epoch   8: train loss  0.66877 (improved_xe:  0.669)
10:29 madminer.utils.ml.tr INFO               val. loss   0.66770 (improved_xe:  0.668)
10:29 madminer.utils.ml.tr DEBUG   Training epoch 9 / 25
10:29 madminer.utils.ml.tr DEBUG   Learning rate: 0.000464158883361
10:31 madminer.utils.ml.tr INFO    Epoch   9: train loss  0.66843 (improved_xe:  0.668)
10:31 madminer.utils.ml.tr INFO               val. loss   0.66799 (improved_xe:  0.668)
10:31 madminer.utils.ml.tr DEBUG   Training epoch 10 / 25
10:31 madminer.utils.ml.tr DEBUG   Learning rate: 0.000421696503429
10:32 madminer.utils.ml.tr INFO    Epoch  10: train loss  0.66816 (improved_xe:  0.668)
10:32 madminer.utils.ml.tr INFO               val. loss   0.66765 (improved_xe:  0.668)
10:32 madminer.utils.ml.tr DEBUG   Training epoch 11 / 25
10:32 madminer.utils.ml.tr DEBUG   Learning rate: 0.000383118684956
10:34 madminer.utils.ml.tr INFO    Epoch  11: train loss  0.66788 (improved_xe:  0.668)
10:34 madminer.utils.ml.tr INFO               val. loss   0.66823 (improved_xe:  0.668)
10:34 madminer.utils.ml.tr DEBUG   Training epoch 12 / 25
10:34 madminer.utils.ml.tr DEBUG   Learning rate: 0.000348070058843
10:36 madminer.utils.ml.tr INFO    Epoch  12: train loss  0.66759 (improved_xe:  0.668)
10:36 madminer.utils.ml.tr INFO               val. loss   0.66695 (improved_xe:  0.667)
10:36 madminer.utils.ml.tr DEBUG   Training epoch 13 / 25
10:36 madminer.utils.ml.tr DEBUG   Learning rate: 0.000316227766017
10:38 madminer.utils.ml.tr INFO    Epoch  13: train loss  0.66733 (improved_xe:  0.667)
10:38 madminer.utils.ml.tr INFO               val. loss   0.66831 (improved_xe:  0.668)
10:38 madminer.utils.ml.tr DEBUG   Training epoch 14 / 25
10:38 madminer.utils.ml.tr DEBUG   Learning rate: 0.000287298483335
10:40 madminer.utils.ml.tr INFO    Epoch  14: train loss  0.66712 (improved_xe:  0.667)
10:40 madminer.utils.ml.tr INFO               val. loss   0.66729 (improved_xe:  0.667)
10:40 madminer.utils.ml.tr DEBUG   Training epoch 15 / 25
10:40 madminer.utils.ml.tr DEBUG   Learning rate: 0.000261015721568
10:42 madminer.utils.ml.tr INFO    Epoch  15: train loss  0.66695 (improved_xe:  0.667)
10:42 madminer.utils.ml.tr INFO               val. loss   0.66739 (improved_xe:  0.667)
10:42 madminer.utils.ml.tr DEBUG   Training epoch 16 / 25
10:42 madminer.utils.ml.tr DEBUG   Learning rate: 0.000237137370566
10:43 madminer.utils.ml.tr INFO    Epoch  16: train loss  0.66673 (improved_xe:  0.667)
10:43 madminer.utils.ml.tr INFO               val. loss   0.66655 (improved_xe:  0.667)
10:43 madminer.utils.ml.tr DEBUG   Training epoch 17 / 25
10:43 madminer.utils.ml.tr DEBUG   Learning rate: 0.000215443469003
10:45 madminer.utils.ml.tr INFO    Epoch  17: train loss  0.66660 (improved_xe:  0.667)
10:45 madminer.utils.ml.tr INFO               val. loss   0.66672 (improved_xe:  0.667)
10:45 madminer.utils.ml.tr DEBUG   Training epoch 18 / 25
10:45 madminer.utils.ml.tr DEBUG   Learning rate: 0.000195734178149
10:47 madminer.utils.ml.tr INFO    Epoch  18: train loss  0.66639 (improved_xe:  0.666)
10:47 madminer.utils.ml.tr INFO               val. loss   0.66651 (improved_xe:  0.667)
10:47 madminer.utils.ml.tr DEBUG   Training epoch 19 / 25
10:47 madminer.utils.ml.tr DEBUG   Learning rate: 0.000177827941004
10:49 madminer.utils.ml.tr INFO    Epoch  19: train loss  0.66626 (improved_xe:  0.666)
10:49 madminer.utils.ml.tr INFO               val. loss   0.66676 (improved_xe:  0.667)
10:49 madminer.utils.ml.tr DEBUG   Training epoch 20 / 25
10:49 madminer.utils.ml.tr DEBUG   Learning rate: 0.000161559809844
10:51 madminer.utils.ml.tr INFO    Epoch  20: train loss  0.66616 (improved_xe:  0.666)
10:51 madminer.utils.ml.tr INFO               val. loss   0.66613 (improved_xe:  0.666)
10:51 madminer.utils.ml.tr DEBUG   Training epoch 21 / 25
10:51 madminer.utils.ml.tr DEBUG   Learning rate: 0.000146779926762
10:53 madminer.utils.ml.tr INFO    Epoch  21: train loss  0.66602 (improved_xe:  0.666)
10:53 madminer.utils.ml.tr INFO               val. loss   0.66614 (improved_xe:  0.666)
10:53 madminer.utils.ml.tr DEBUG   Training epoch 22 / 25
10:53 madminer.utils.ml.tr DEBUG   Learning rate: 0.000133352143216
10:55 madminer.utils.ml.tr INFO    Epoch  22: train loss  0.66590 (improved_xe:  0.666)
10:55 madminer.utils.ml.tr INFO               val. loss   0.66612 (improved_xe:  0.666)
10:55 madminer.utils.ml.tr DEBUG   Training epoch 23 / 25
10:55 madminer.utils.ml.tr DEBUG   Learning rate: 0.000121152765863
10:56 madminer.utils.ml.tr INFO    Epoch  23: train loss  0.66582 (improved_xe:  0.666)
10:56 madminer.utils.ml.tr INFO               val. loss   0.66709 (improved_xe:  0.667)
10:56 madminer.utils.ml.tr DEBUG   Training epoch 24 / 25
10:56 madminer.utils.ml.tr DEBUG   Learning rate: 0.000110069417125
10:58 madminer.utils.ml.tr INFO    Epoch  24: train loss  0.66569 (improved_xe:  0.666)
10:58 madminer.utils.ml.tr INFO               val. loss   0.66601 (improved_xe:  0.666)
10:58 madminer.utils.ml.tr DEBUG   Training epoch 25 / 25
10:58 madminer.utils.ml.tr DEBUG   Learning rate: 0.0001
11:00 madminer.utils.ml.tr INFO    Epoch  25: train loss  0.66563 (improved_xe:  0.666)
11:00 madminer.utils.ml.tr INFO               val. loss   0.66589 (improved_xe:  0.666)
11:00 madminer.utils.ml.tr INFO    Early stopping did not improve performance
11:00 madminer.utils.ml.tr DEBUG   Training finished
11:00 madminer.utils.ml.tr INFO    Training time spend on:
11:00 madminer.utils.ml.tr INFO                      initialize model:   0.00h
11:00 madminer.utils.ml.tr INFO                                   ALL:   0.77h
11:00 madminer.utils.ml.tr INFO                            check data:   0.00h
11:00 madminer.utils.ml.tr INFO                          make dataset:   0.00h
11:00 madminer.utils.ml.tr INFO                       make dataloader:   0.00h
11:00 madminer.utils.ml.tr INFO                       setup optimizer:   0.00h
11:00 madminer.utils.ml.tr INFO                   initialize training:   0.00h
11:00 madminer.utils.ml.tr INFO                                set lr:   0.00h
11:00 madminer.utils.ml.tr INFO                   load training batch:   0.14h
11:00 madminer.utils.ml.tr INFO                        fwd: move data:   0.12h
11:00 madminer.utils.ml.tr INFO                   fwd: check for nans:   0.13h
11:00 madminer.utils.ml.tr INFO                    fwd: model.forward:   0.08h
11:00 madminer.utils.ml.tr INFO                 fwd: calculate losses:   0.06h
11:00 madminer.utils.ml.tr INFO                 training forward pass:   0.27h
11:00 madminer.utils.ml.tr INFO                   training sum losses:   0.01h
11:00 madminer.utils.ml.tr INFO                        opt: zero grad:   0.01h
11:00 madminer.utils.ml.tr INFO                         opt: backward:   0.06h
11:00 madminer.utils.ml.tr INFO                   opt: clip grad norm:   0.00h
11:00 madminer.utils.ml.tr INFO                             opt: step:   0.07h
11:00 madminer.utils.ml.tr INFO                        optimizer step:   0.14h
11:00 madminer.utils.ml.tr INFO                 load validation batch:   0.08h
11:00 madminer.utils.ml.tr INFO               validation forward pass:   0.12h
11:00 madminer.utils.ml.tr INFO                 validation sum losses:   0.00h
11:00 madminer.utils.ml.tr INFO                        early stopping:   0.00h
11:00 madminer.utils.ml.tr INFO                          report epoch:   0.00h
11:00 madminer.ml          INFO    Saving model to models/alice
11:00 madminer.ml          DEBUG   Saving settings to models/alice_settings.json
11:00 madminer.ml          DEBUG   Saving input scaling information to models/alice_x_means.npy and models/alice_x_stds.npy
11:00 madminer.ml          DEBUG   Saving state dictionary to models/alice_state_dict.pt
11:00 madminer.ml          INFO    Loading evaluation data
11:00 madminer.utils.vario INFO      Loading data/samples/x_test.npy into RAM
11:00 madminer.utils.vario INFO      Loading data/samples/mass_width_grid_0.npy into RAM
11:00 madminer.ml          INFO    Starting ratio evaluation for 520000 x-theta combinations
11:00 madminer.ml          DEBUG   Starting ratio evaluation for thetas 1 / 52: [160.    1.5]
11:00 madminer.ml          DEBUG   Starting ratio evaluation for thetas 2 / 52: [160.50980392   1.5       ]
11:00 madminer.ml          DEBUG   Starting ratio evaluation for thetas 3 / 52: [161.01960784   1.5       ]
11:00 madminer.ml          DEBUG   Starting ratio evaluation for thetas 4 / 52: [161.52941176   1.5       ]
11:00 madminer.ml          DEBUG   Starting ratio evaluation for thetas 5 / 52: [162.03921569   1.5       ]
11:00 madminer.ml          DEBUG   Starting ratio evaluation for thetas 6 / 52: [162.54901961   1.5       ]
11:00 madminer.ml          DEBUG   Starting ratio evaluation for thetas 7 / 52: [163.05882353   1.5       ]
11:00 madminer.ml          DEBUG   Starting ratio evaluation for thetas 8 / 52: [163.56862745   1.5       ]
11:00 madminer.ml          DEBUG   Starting ratio evaluation for thetas 9 / 52: [164.07843137   1.5       ]
11:00 madminer.ml          DEBUG   Starting ratio evaluation for thetas 10 / 52: [164.58823529   1.5       ]
11:00 madminer.ml          DEBUG   Starting ratio evaluation for thetas 11 / 52: [165.09803922   1.5       ]
11:00 madminer.ml          DEBUG   Starting ratio evaluation for thetas 12 / 52: [165.60784314   1.5       ]
11:00 madminer.ml          DEBUG   Starting ratio evaluation for thetas 13 / 52: [166.11764706   1.5       ]
11:00 madminer.ml          DEBUG   Starting ratio evaluation for thetas 14 / 52: [166.62745098   1.5       ]
11:00 madminer.ml          DEBUG   Starting ratio evaluation for thetas 15 / 52: [167.1372549   1.5      ]
11:00 madminer.ml          DEBUG   Starting ratio evaluation for thetas 16 / 52: [167.64705882   1.5       ]
11:00 madminer.ml          DEBUG   Starting ratio evaluation for thetas 17 / 52: [168.15686275   1.5       ]
11:00 madminer.ml          DEBUG   Starting ratio evaluation for thetas 18 / 52: [168.66666667   1.5       ]
11:00 madminer.ml          DEBUG   Starting ratio evaluation for thetas 19 / 52: [169.17647059   1.5       ]
11:00 madminer.ml          DEBUG   Starting ratio evaluation for thetas 20 / 52: [169.68627451   1.5       ]
11:00 madminer.ml          DEBUG   Starting ratio evaluation for thetas 21 / 52: [170.19607843   1.5       ]
11:00 madminer.ml          DEBUG   Starting ratio evaluation for thetas 22 / 52: [170.70588235   1.5       ]
11:00 madminer.ml          DEBUG   Starting ratio evaluation for thetas 23 / 52: [171.21568627   1.5       ]
11:00 madminer.ml          DEBUG   Starting ratio evaluation for thetas 24 / 52: [171.7254902   1.5      ]
11:00 madminer.ml          DEBUG   Starting ratio evaluation for thetas 25 / 52: [172.23529412   1.5       ]
11:00 madminer.ml          DEBUG   Starting ratio evaluation for thetas 26 / 52: [172.74509804   1.5       ]
11:00 madminer.ml          DEBUG   Starting ratio evaluation for thetas 27 / 52: [173.25490196   1.5       ]
11:00 madminer.ml          DEBUG   Starting ratio evaluation for thetas 28 / 52: [173.76470588   1.5       ]
11:00 madminer.ml          DEBUG   Starting ratio evaluation for thetas 29 / 52: [174.2745098   1.5      ]
11:00 madminer.ml          DEBUG   Starting ratio evaluation for thetas 30 / 52: [174.78431373   1.5       ]
11:00 madminer.ml          DEBUG   Starting ratio evaluation for thetas 31 / 52: [175.29411765   1.5       ]
11:00 madminer.ml          DEBUG   Starting ratio evaluation for thetas 32 / 52: [175.80392157   1.5       ]
11:00 madminer.ml          DEBUG   Starting ratio evaluation for thetas 33 / 52: [176.31372549   1.5       ]
11:00 madminer.ml          DEBUG   Starting ratio evaluation for thetas 34 / 52: [176.82352941   1.5       ]
11:00 madminer.ml          DEBUG   Starting ratio evaluation for thetas 35 / 52: [177.33333333   1.5       ]
11:00 madminer.ml          DEBUG   Starting ratio evaluation for thetas 36 / 52: [177.84313725   1.5       ]
11:00 madminer.ml          DEBUG   Starting ratio evaluation for thetas 37 / 52: [178.35294118   1.5       ]
11:00 madminer.ml          DEBUG   Starting ratio evaluation for thetas 38 / 52: [178.8627451   1.5      ]
11:00 madminer.ml          DEBUG   Starting ratio evaluation for thetas 39 / 52: [179.37254902   1.5       ]
11:00 madminer.ml          DEBUG   Starting ratio evaluation for thetas 40 / 52: [179.88235294   1.5       ]
11:00 madminer.ml          DEBUG   Starting ratio evaluation for thetas 41 / 52: [180.39215686   1.5       ]
11:00 madminer.ml          DEBUG   Starting ratio evaluation for thetas 42 / 52: [180.90196078   1.5       ]
11:00 madminer.ml          DEBUG   Starting ratio evaluation for thetas 43 / 52: [181.41176471   1.5       ]
11:00 madminer.ml          DEBUG   Starting ratio evaluation for thetas 44 / 52: [181.92156863   1.5       ]
11:00 madminer.ml          DEBUG   Starting ratio evaluation for thetas 45 / 52: [182.43137255   1.5       ]
11:00 madminer.ml          DEBUG   Starting ratio evaluation for thetas 46 / 52: [182.94117647   1.5       ]
11:00 madminer.ml          DEBUG   Starting ratio evaluation for thetas 47 / 52: [183.45098039   1.5       ]
11:00 madminer.ml          DEBUG   Starting ratio evaluation for thetas 48 / 52: [183.96078431   1.5       ]
11:00 madminer.ml          DEBUG   Starting ratio evaluation for thetas 49 / 52: [184.47058824   1.5       ]
11:00 madminer.ml          DEBUG   Starting ratio evaluation for thetas 50 / 52: [184.98039216   1.5       ]
11:00 madminer.ml          DEBUG   Starting ratio evaluation for thetas 51 / 52: [185.49019608   1.5       ]
11:00 madminer.ml          DEBUG   Starting ratio evaluation for thetas 52 / 52: [186.    1.5]
11:00 madminer.ml          INFO    Evaluation done
11:00 root                 INFO    best_fit [172.23529412   1.5       ]
11:00 matplotlib.backends. INFO    Could not load matplotlib icon: can't use "pyimage10" as iconphoto: not a photo image
11:00 root                 INFO    
