1: [2020-06-18 21:50:47.124] [debug] Injecting parameter USE_PERM
2: [2020-06-18 21:50:47.125] [debug] Injecting parameter USE_TF
3: [2020-06-18 21:50:47.125] [debug] Parsing LUA configuration from higgs4l_alex.lua
4: [2020-06-18 21:50:47.125] [debug] Parsing global parameters.
5: [2020-06-18 21:50:47.125] [debug] Module declared: BuildInitialState::initial_state
6: [2020-06-18 21:50:47.125] [debug] Module declared: MatrixElement::h_ZZ_4l
7: [2020-06-18 21:50:47.126] [info] o_benchmarks: 23
8: [2020-06-18 21:50:47.672] [info] ****Sample of benchmark values****
9: [2020-06-18 21:50:47.672] [info] -5
10: [2020-06-18 21:50:47.672] [info] -2.34948
11: [2020-06-18 21:50:47.672] [info] 3.22299e-44
12: [2020-06-18 21:50:47.672] [info] -8.46311e-38
13: [2020-06-18 21:50:47.672] [info] ****End****
14: [2020-06-18 21:50:47.672] [info] calculating event 0/5
15: [2020-06-18 21:50:47.672] [info] calculating higgs width at -5
16: [2020-06-18 21:50:47.672] [debug] Input declared: electron
17: [2020-06-18 21:50:47.672] [debug] Input declared: muon
18: [2020-06-18 21:50:47.672] [debug] Input declared: antimuon
19: [2020-06-18 21:50:47.672] [debug] Input declared: positron
20: [2020-06-18 21:50:47.682] [debug] Configuration declared integrand component using: h_ZZ_4l::output
21: [2020-06-18 21:50:47.682] [info] Number of expected inputs: 4
22: [2020-06-18 21:50:47.682] [info] Number of dimensions for integration: 0
23: [2020-06-18 21:50:47.682] [debug] e-_E: 11.434
24: [2020-06-18 21:50:47.682] [debug] e-_px: 8.37278
25: [2020-06-18 21:50:47.682] [debug] e-_py: 6.91242
26: [2020-06-18 21:50:47.682] [debug] e-_pz: 3.58482
27: [2020-06-18 21:50:47.682] [debug] m-_E: 52.0173
28: [2020-06-18 21:50:47.682] [debug] m-_px: 40.5184
29: [2020-06-18 21:50:47.682] [debug] m-_py: 27.2722
30: [2020-06-18 21:50:47.682] [debug] m-_pz: 17.8951
31: [2020-06-18 21:50:47.682] [debug] mu+_E: 57.3217
32: [2020-06-18 21:50:47.682] [debug] mu+_px: -36.9325
33: [2020-06-18 21:50:47.682] [debug] mu+_py: -18.622
34: [2020-06-18 21:50:47.682] [debug] mu+_pz: 39.6861
35: [2020-06-18 21:50:47.682] [debug] e+_E: 19.9233
36: [2020-06-18 21:50:47.682] [debug] e+_px: -11.9586
37: [2020-06-18 21:50:47.682] [debug] e+_py: -15.5626
38: [2020-06-18 21:50:47.682] [debug] e+_pz: 3.42517
39: [2020-06-18 21:50:47.682] [debug] No integration dimension requested, bypassing integration.
40: [2020-06-18 21:50:47.683] [debug] Result:
41: [2020-06-18 21:50:47.683] [debug] 4.99851e-06 +- 0
42: [2020-06-18 21:50:47.683] [debug] Integration status: 0
43: [2020-06-18 21:50:47.683] [debug] Hist in pool: 0
44: [2020-06-18 21:50:47.683] [error] BAD WEIGHT CALCULATED: 0; at point: -5
45: [2020-06-18 21:50:47.683] [info] Weight computed in 0ms
46: [2020-06-18 21:50:47.683] [info] finished computing weight: 0
47: [2020-06-18 21:50:47.683] [info] calculating higgs width at -4.4699
48: [2020-06-18 21:50:47.683] [debug] Input declared: electron
49: [2020-06-18 21:50:47.683] [debug] Input declared: muon
50: [2020-06-18 21:50:47.683] [debug] Input declared: antimuon
51: [2020-06-18 21:50:47.683] [debug] Input declared: positron
52: [2020-06-18 21:50:47.692] [debug] Configuration declared integrand component using: h_ZZ_4l::output
53: [2020-06-18 21:50:47.692] [info] Number of expected inputs: 4
54: [2020-06-18 21:50:47.692] [info] Number of dimensions for integration: 0
55: [2020-06-18 21:50:47.692] [debug] e-_E: 11.434
56: [2020-06-18 21:50:47.692] [debug] e-_px: 8.37278
57: [2020-06-18 21:50:47.692] [debug] e-_py: 6.91242
58: [2020-06-18 21:50:47.692] [debug] e-_pz: 3.58482
59: [2020-06-18 21:50:47.692] [debug] m-_E: 52.0173
60: [2020-06-18 21:50:47.692] [debug] m-_px: 40.5184
61: [2020-06-18 21:50:47.692] [debug] m-_py: 27.2722
62: [2020-06-18 21:50:47.692] [debug] m-_pz: 17.8951
63: [2020-06-18 21:50:47.692] [debug] mu+_E: 57.3217
64: [2020-06-18 21:50:47.692] [debug] mu+_px: -36.9325
65: [2020-06-18 21:50:47.692] [debug] mu+_py: -18.622
66: [2020-06-18 21:50:47.692] [debug] mu+_pz: 39.6861
67: [2020-06-18 21:50:47.692] [debug] e+_E: 19.9233
68: [2020-06-18 21:50:47.692] [debug] e+_px: -11.9586
69: [2020-06-18 21:50:47.692] [debug] e+_py: -15.5626
70: [2020-06-18 21:50:47.692] [debug] e+_pz: 3.42517
71: [2020-06-18 21:50:47.692] [debug] No integration dimension requested, bypassing integration.
72: [2020-06-18 21:50:47.692] [debug] Result:
73: [2020-06-18 21:50:47.692] [debug] 4.99848e-06 +- 0
74: [2020-06-18 21:50:47.692] [debug] Integration status: 0
75: [2020-06-18 21:50:47.692] [debug] Hist in pool: 0
76: [2020-06-18 21:50:47.692] [error] BAD WEIGHT CALCULATED: 0; at point: -4.4699
77: [2020-06-18 21:50:47.692] [info] Weight computed in 0ms
78: [2020-06-18 21:50:47.692] [info] finished computing weight: 1
79: [2020-06-18 21:50:47.692] [info] calculating higgs width at -3.93979
80: [2020-06-18 21:50:47.692] [debug] Input declared: electron
81: [2020-06-18 21:50:47.692] [debug] Input declared: muon
82: [2020-06-18 21:50:47.692] [debug] Input declared: antimuon
83: [2020-06-18 21:50:47.692] [debug] Input declared: positron
84: [2020-06-18 21:50:47.702] [debug] Configuration declared integrand component using: h_ZZ_4l::output
85: [2020-06-18 21:50:47.702] [info] Number of expected inputs: 4
86: [2020-06-18 21:50:47.702] [info] Number of dimensions for integration: 0
87: [2020-06-18 21:50:47.702] [debug] e-_E: 11.434
88: [2020-06-18 21:50:47.702] [debug] e-_px: 8.37278
89: [2020-06-18 21:50:47.702] [debug] e-_py: 6.91242
90: [2020-06-18 21:50:47.702] [debug] e-_pz: 3.58482
91: [2020-06-18 21:50:47.702] [debug] m-_E: 52.0173
92: [2020-06-18 21:50:47.702] [debug] m-_px: 40.5184
93: [2020-06-18 21:50:47.702] [debug] m-_py: 27.2722
94: [2020-06-18 21:50:47.702] [debug] m-_pz: 17.8951
95: [2020-06-18 21:50:47.702] [debug] mu+_E: 57.3217
96: [2020-06-18 21:50:47.702] [debug] mu+_px: -36.9325
97: [2020-06-18 21:50:47.702] [debug] mu+_py: -18.622
98: [2020-06-18 21:50:47.702] [debug] mu+_pz: 39.6861
99: [2020-06-18 21:50:47.702] [debug] e+_E: 19.9233
100: [2020-06-18 21:50:47.702] [debug] e+_px: -11.9586
101: [2020-06-18 21:50:47.702] [debug] e+_py: -15.5626
102: [2020-06-18 21:50:47.702] [debug] e+_pz: 3.42517
103: [2020-06-18 21:50:47.702] [debug] No integration dimension requested, bypassing integration.
104: [2020-06-18 21:50:47.702] [debug] Result:
105: [2020-06-18 21:50:47.702] [debug] 4.99811e-06 +- 0
106: [2020-06-18 21:50:47.702] [debug] Integration status: 0
107: [2020-06-18 21:50:47.702] [debug] Hist in pool: 0
108: [2020-06-18 21:50:47.702] [error] BAD WEIGHT CALCULATED: 0; at point: -3.93979
109: [2020-06-18 21:50:47.702] [info] Weight computed in 0ms
110: [2020-06-18 21:50:47.702] [info] finished computing weight: 2
111: [2020-06-18 21:50:47.702] [info] calculating higgs width at -3.40969
112: [2020-06-18 21:50:47.702] [debug] Input declared: electron
113: [2020-06-18 21:50:47.702] [debug] Input declared: muon
114: [2020-06-18 21:50:47.702] [debug] Input declared: antimuon
115: [2020-06-18 21:50:47.702] [debug] Input declared: positron
116: [2020-06-18 21:50:47.711] [debug] Configuration declared integrand component using: h_ZZ_4l::output
117: [2020-06-18 21:50:47.711] [info] Number of expected inputs: 4
118: [2020-06-18 21:50:47.711] [info] Number of dimensions for integration: 0
119: [2020-06-18 21:50:47.711] [debug] e-_E: 11.434
120: [2020-06-18 21:50:47.711] [debug] e-_px: 8.37278
121: [2020-06-18 21:50:47.711] [debug] e-_py: 6.91242
122: [2020-06-18 21:50:47.711] [debug] e-_pz: 3.58482
123: [2020-06-18 21:50:47.711] [debug] m-_E: 52.0173
124: [2020-06-18 21:50:47.711] [debug] m-_px: 40.5184
125: [2020-06-18 21:50:47.711] [debug] m-_py: 27.2722
126: [2020-06-18 21:50:47.711] [debug] m-_pz: 17.8951
127: [2020-06-18 21:50:47.711] [debug] mu+_E: 57.3217
128: [2020-06-18 21:50:47.711] [debug] mu+_px: -36.9325
129: [2020-06-18 21:50:47.711] [debug] mu+_py: -18.622
130: [2020-06-18 21:50:47.711] [debug] mu+_pz: 39.6861
131: [2020-06-18 21:50:47.711] [debug] e+_E: 19.9233
132: [2020-06-18 21:50:47.711] [debug] e+_px: -11.9586
133: [2020-06-18 21:50:47.711] [debug] e+_py: -15.5626
134: [2020-06-18 21:50:47.711] [debug] e+_pz: 3.42517
135: [2020-06-18 21:50:47.711] [debug] No integration dimension requested, bypassing integration.
136: [2020-06-18 21:50:47.711] [debug] Result:
137: [2020-06-18 21:50:47.711] [debug] 4.99389e-06 +- 0
138: [2020-06-18 21:50:47.711] [debug] Integration status: 0
139: [2020-06-18 21:50:47.711] [debug] Hist in pool: 0
140: [2020-06-18 21:50:47.711] [error] BAD WEIGHT CALCULATED: 0; at point: -3.40969
141: [2020-06-18 21:50:47.711] [info] Weight computed in 0ms
142: [2020-06-18 21:50:47.711] [info] finished computing weight: 3
143: [2020-06-18 21:50:47.711] [info] calculating higgs width at -2.87959
144: [2020-06-18 21:50:47.712] [debug] Input declared: electron
145: [2020-06-18 21:50:47.712] [debug] Input declared: muon
146: [2020-06-18 21:50:47.712] [debug] Input declared: antimuon
147: [2020-06-18 21:50:47.712] [debug] Input declared: positron
148: [2020-06-18 21:50:47.720] [debug] Configuration declared integrand component using: h_ZZ_4l::output
149: [2020-06-18 21:50:47.720] [info] Number of expected inputs: 4
150: [2020-06-18 21:50:47.720] [info] Number of dimensions for integration: 0
151: [2020-06-18 21:50:47.720] [debug] e-_E: 11.434
152: [2020-06-18 21:50:47.720] [debug] e-_px: 8.37278
153: [2020-06-18 21:50:47.720] [debug] e-_py: 6.91242
154: [2020-06-18 21:50:47.720] [debug] e-_pz: 3.58482
155: [2020-06-18 21:50:47.720] [debug] m-_E: 52.0173
156: [2020-06-18 21:50:47.720] [debug] m-_px: 40.5184
157: [2020-06-18 21:50:47.720] [debug] m-_py: 27.2722
158: [2020-06-18 21:50:47.720] [debug] m-_pz: 17.8951
159: [2020-06-18 21:50:47.720] [debug] mu+_E: 57.3217
160: [2020-06-18 21:50:47.720] [debug] mu+_px: -36.9325
161: [2020-06-18 21:50:47.720] [debug] mu+_py: -18.622
162: [2020-06-18 21:50:47.720] [debug] mu+_pz: 39.6861
163: [2020-06-18 21:50:47.720] [debug] e+_E: 19.9233
164: [2020-06-18 21:50:47.720] [debug] e+_px: -11.9586
165: [2020-06-18 21:50:47.720] [debug] e+_py: -15.5626
166: [2020-06-18 21:50:47.720] [debug] e+_pz: 3.42517
167: [2020-06-18 21:50:47.720] [debug] No integration dimension requested, bypassing integration.
168: [2020-06-18 21:50:47.720] [debug] Result:
169: [2020-06-18 21:50:47.720] [debug] 4.94594e-06 +- 0
170: [2020-06-18 21:50:47.720] [debug] Integration status: 0
171: [2020-06-18 21:50:47.720] [debug] Hist in pool: 0
172: [2020-06-18 21:50:47.720] [error] BAD WEIGHT CALCULATED: 0; at point: -2.87959
173: [2020-06-18 21:50:47.720] [info] Weight computed in 0ms
174: [2020-06-18 21:50:47.720] [info] finished computing weight: 4
175: [2020-06-18 21:50:47.720] [info] calculating higgs width at -2.34948
176: [2020-06-18 21:50:47.720] [debug] Input declared: electron
177: [2020-06-18 21:50:47.720] [debug] Input declared: muon
178: [2020-06-18 21:50:47.720] [debug] Input declared: antimuon
179: [2020-06-18 21:50:47.720] [debug] Input declared: positron
180: [2020-06-18 21:50:47.729] [debug] Configuration declared integrand component using: h_ZZ_4l::output
181: [2020-06-18 21:50:47.729] [info] Number of expected inputs: 4
182: [2020-06-18 21:50:47.729] [info] Number of dimensions for integration: 0
183: [2020-06-18 21:50:47.729] [debug] e-_E: 11.434
184: [2020-06-18 21:50:47.729] [debug] e-_px: 8.37278
185: [2020-06-18 21:50:47.729] [debug] e-_py: 6.91242
186: [2020-06-18 21:50:47.729] [debug] e-_pz: 3.58482
187: [2020-06-18 21:50:47.729] [debug] m-_E: 52.0173
188: [2020-06-18 21:50:47.729] [debug] m-_px: 40.5184
189: [2020-06-18 21:50:47.729] [debug] m-_py: 27.2722
190: [2020-06-18 21:50:47.729] [debug] m-_pz: 17.8951
191: [2020-06-18 21:50:47.729] [debug] mu+_E: 57.3217
192: [2020-06-18 21:50:47.729] [debug] mu+_px: -36.9325
193: [2020-06-18 21:50:47.729] [debug] mu+_py: -18.622
194: [2020-06-18 21:50:47.729] [debug] mu+_pz: 39.6861
195: [2020-06-18 21:50:47.729] [debug] e+_E: 19.9233
196: [2020-06-18 21:50:47.729] [debug] e+_px: -11.9586
197: [2020-06-18 21:50:47.729] [debug] e+_py: -15.5626
198: [2020-06-18 21:50:47.729] [debug] e+_pz: 3.42517
199: [2020-06-18 21:50:47.729] [debug] No integration dimension requested, bypassing integration.
200: [2020-06-18 21:50:47.729] [debug] Result:
201: [2020-06-18 21:50:47.729] [debug] 4.4546e-06 +- 0
202: [2020-06-18 21:50:47.729] [debug] Integration status: 0
203: [2020-06-18 21:50:47.729] [debug] Hist in pool: 0
204: [2020-06-18 21:50:47.729] [error] BAD WEIGHT CALCULATED: 0; at point: -2.34948
205: [2020-06-18 21:50:47.729] [info] Weight computed in 0ms
206: [2020-06-18 21:50:47.729] [info] finished computing weight: 5
207: [2020-06-18 21:50:47.729] [info] finished computing event: 0
208: [2020-06-18 21:50:47.729] [info] weight: 0
209: [2020-06-18 21:50:47.729] [info] ratio: 0
210: [2020-06-18 21:50:47.729] [info] weight: 0
211: [2020-06-18 21:50:47.729] [info] ratio: 0
212: [2020-06-18 21:50:47.729] [info] weight: 0
213: [2020-06-18 21:50:47.729] [info] ratio: 0
214: [2020-06-18 21:50:47.729] [info] weight: 0
215: [2020-06-18 21:50:47.729] [info] ratio: 0
216: [2020-06-18 21:50:47.729] [info] weight: 0
217: [2020-06-18 21:50:47.729] [info] ratio: 0
218: [2020-06-18 21:50:47.729] [info] weight: 0
219: [2020-06-18 21:50:47.729] [info] ratio: 0
220: [2020-06-18 21:50:47.729] [info] calculating event 1/5
221: [2020-06-18 21:50:47.729] [info] calculating higgs width at -5
222: [2020-06-18 21:50:47.730] [debug] Input declared: electron
223: [2020-06-18 21:50:47.730] [debug] Input declared: muon
224: [2020-06-18 21:50:47.730] [debug] Input declared: antimuon
225: [2020-06-18 21:50:47.730] [debug] Input declared: positron
226: [2020-06-18 21:50:47.739] [debug] Configuration declared integrand component using: h_ZZ_4l::output
227: [2020-06-18 21:50:47.739] [info] Number of expected inputs: 4
228: [2020-06-18 21:50:47.739] [info] Number of dimensions for integration: 0
229: [2020-06-18 21:50:47.739] [debug] e-_E: 44.1461
230: [2020-06-18 21:50:47.739] [debug] e-_px: 23.7346
231: [2020-06-18 21:50:47.739] [debug] e-_py: -30.8957
232: [2020-06-18 21:50:47.739] [debug] e-_pz: 20.7606
233: [2020-06-18 21:50:47.739] [debug] m-_E: 21.6172
234: [2020-06-18 21:50:47.739] [debug] m-_px: 14.6456
235: [2020-06-18 21:50:47.739] [debug] m-_py: -7.87745
236: [2020-06-18 21:50:47.739] [debug] m-_pz: 13.8113
237: [2020-06-18 21:50:47.739] [debug] mu+_E: 15.1155
238: [2020-06-18 21:50:47.739] [debug] mu+_px: 7.1964
239: [2020-06-18 21:50:47.739] [debug] mu+_py: 12.3767
240: [2020-06-18 21:50:47.739] [debug] mu+_pz: 4.84839
241: [2020-06-18 21:50:47.739] [debug] e+_E: 53.7049
242: [2020-06-18 21:50:47.739] [debug] e+_px: -45.5767
243: [2020-06-18 21:50:47.739] [debug] e+_py: 26.3965
244: [2020-06-18 21:50:47.739] [debug] e+_pz: 10.4979
245: [2020-06-18 21:50:47.739] [debug] No integration dimension requested, bypassing integration.
246: [2020-06-18 21:50:47.739] [debug] Result:
247: [2020-06-18 21:50:47.739] [debug] 6.68994e-07 +- 0
248: [2020-06-18 21:50:47.739] [debug] Integration status: 0
249: [2020-06-18 21:50:47.739] [debug] Hist in pool: 0
250: [2020-06-18 21:50:47.739] [error] BAD WEIGHT CALCULATED: 1; at point: -5
251: [2020-06-18 21:50:47.739] [info] Weight computed in 0ms
252: [2020-06-18 21:50:47.739] [info] finished computing weight: 0
253: [2020-06-18 21:50:47.739] [info] calculating higgs width at -4.4699
254: [2020-06-18 21:50:47.739] [debug] Input declared: electron
255: [2020-06-18 21:50:47.739] [debug] Input declared: muon
256: [2020-06-18 21:50:47.739] [debug] Input declared: antimuon
257: [2020-06-18 21:50:47.739] [debug] Input declared: positron
258: [2020-06-18 21:50:47.748] [debug] Configuration declared integrand component using: h_ZZ_4l::output
259: [2020-06-18 21:50:47.748] [info] Number of expected inputs: 4
260: [2020-06-18 21:50:47.748] [info] Number of dimensions for integration: 0
261: [2020-06-18 21:50:47.748] [debug] e-_E: 44.1461
262: [2020-06-18 21:50:47.748] [debug] e-_px: 23.7346
263: [2020-06-18 21:50:47.748] [debug] e-_py: -30.8957
264: [2020-06-18 21:50:47.748] [debug] e-_pz: 20.7606
265: [2020-06-18 21:50:47.748] [debug] m-_E: 21.6172
266: [2020-06-18 21:50:47.748] [debug] m-_px: 14.6456
267: [2020-06-18 21:50:47.748] [debug] m-_py: -7.87745
268: [2020-06-18 21:50:47.748] [debug] m-_pz: 13.8113
269: [2020-06-18 21:50:47.748] [debug] mu+_E: 15.1155
270: [2020-06-18 21:50:47.748] [debug] mu+_px: 7.1964
271: [2020-06-18 21:50:47.748] [debug] mu+_py: 12.3767
272: [2020-06-18 21:50:47.748] [debug] mu+_pz: 4.84839
273: [2020-06-18 21:50:47.748] [debug] e+_E: 53.7049
274: [2020-06-18 21:50:47.748] [debug] e+_px: -45.5767
275: [2020-06-18 21:50:47.748] [debug] e+_py: 26.3965
276: [2020-06-18 21:50:47.748] [debug] e+_pz: 10.4979
277: [2020-06-18 21:50:47.748] [debug] No integration dimension requested, bypassing integration.
278: [2020-06-18 21:50:47.748] [debug] Result:
279: [2020-06-18 21:50:47.748] [debug] 6.68994e-07 +- 0
280: [2020-06-18 21:50:47.748] [debug] Integration status: 0
281: [2020-06-18 21:50:47.748] [debug] Hist in pool: 0
282: [2020-06-18 21:50:47.748] [error] BAD WEIGHT CALCULATED: 1; at point: -4.4699
283: [2020-06-18 21:50:47.748] [info] Weight computed in 0ms
284: [2020-06-18 21:50:47.748] [info] finished computing weight: 1
285: [2020-06-18 21:50:47.748] [info] calculating higgs width at -3.93979
286: [2020-06-18 21:50:47.749] [debug] Input declared: electron
287: [2020-06-18 21:50:47.749] [debug] Input declared: muon
288: [2020-06-18 21:50:47.749] [debug] Input declared: antimuon
289: [2020-06-18 21:50:47.749] [debug] Input declared: positron
290: [2020-06-18 21:50:47.757] [debug] Configuration declared integrand component using: h_ZZ_4l::output
291: [2020-06-18 21:50:47.757] [info] Number of expected inputs: 4
292: [2020-06-18 21:50:47.757] [info] Number of dimensions for integration: 0
293: [2020-06-18 21:50:47.757] [debug] e-_E: 44.1461
294: [2020-06-18 21:50:47.757] [debug] e-_px: 23.7346
295: [2020-06-18 21:50:47.757] [debug] e-_py: -30.8957
296: [2020-06-18 21:50:47.757] [debug] e-_pz: 20.7606
297: [2020-06-18 21:50:47.757] [debug] m-_E: 21.6172
298: [2020-06-18 21:50:47.757] [debug] m-_px: 14.6456
299: [2020-06-18 21:50:47.757] [debug] m-_py: -7.87745
300: [2020-06-18 21:50:47.757] [debug] m-_pz: 13.8113
301: [2020-06-18 21:50:47.757] [debug] mu+_E: 15.1155
302: [2020-06-18 21:50:47.757] [debug] mu+_px: 7.1964
303: [2020-06-18 21:50:47.757] [debug] mu+_py: 12.3767
304: [2020-06-18 21:50:47.757] [debug] mu+_pz: 4.84839
305: [2020-06-18 21:50:47.757] [debug] e+_E: 53.7049
306: [2020-06-18 21:50:47.757] [debug] e+_px: -45.5767
307: [2020-06-18 21:50:47.757] [debug] e+_py: 26.3965
308: [2020-06-18 21:50:47.757] [debug] e+_pz: 10.4979
309: [2020-06-18 21:50:47.757] [debug] No integration dimension requested, bypassing integration.
310: [2020-06-18 21:50:47.757] [debug] Result:
311: [2020-06-18 21:50:47.757] [debug] 6.68986e-07 +- 0
312: [2020-06-18 21:50:47.758] [debug] Integration status: 0
313: [2020-06-18 21:50:47.758] [debug] Hist in pool: 0
314: [2020-06-18 21:50:47.758] [error] BAD WEIGHT CALCULATED: 1; at point: -3.93979
315: [2020-06-18 21:50:47.758] [info] Weight computed in 0ms
316: [2020-06-18 21:50:47.758] [info] finished computing weight: 2
317: [2020-06-18 21:50:47.758] [info] calculating higgs width at -3.40969
318: [2020-06-18 21:50:47.758] [debug] Input declared: electron
319: [2020-06-18 21:50:47.758] [debug] Input declared: muon
320: [2020-06-18 21:50:47.758] [debug] Input declared: antimuon
321: [2020-06-18 21:50:47.758] [debug] Input declared: positron
322: [2020-06-18 21:50:47.767] [debug] Configuration declared integrand component using: h_ZZ_4l::output
323: [2020-06-18 21:50:47.767] [info] Number of expected inputs: 4
324: [2020-06-18 21:50:47.767] [info] Number of dimensions for integration: 0
325: [2020-06-18 21:50:47.767] [debug] e-_E: 44.1461
326: [2020-06-18 21:50:47.767] [debug] e-_px: 23.7346
327: [2020-06-18 21:50:47.767] [debug] e-_py: -30.8957
328: [2020-06-18 21:50:47.767] [debug] e-_pz: 20.7606
329: [2020-06-18 21:50:47.767] [debug] m-_E: 21.6172
330: [2020-06-18 21:50:47.767] [debug] m-_px: 14.6456
331: [2020-06-18 21:50:47.767] [debug] m-_py: -7.87745
332: [2020-06-18 21:50:47.767] [debug] m-_pz: 13.8113
333: [2020-06-18 21:50:47.767] [debug] mu+_E: 15.1155
334: [2020-06-18 21:50:47.767] [debug] mu+_px: 7.1964
335: [2020-06-18 21:50:47.767] [debug] mu+_py: 12.3767
336: [2020-06-18 21:50:47.767] [debug] mu+_pz: 4.84839
337: [2020-06-18 21:50:47.767] [debug] e+_E: 53.7049
338: [2020-06-18 21:50:47.767] [debug] e+_px: -45.5767
339: [2020-06-18 21:50:47.767] [debug] e+_py: 26.3965
340: [2020-06-18 21:50:47.767] [debug] e+_pz: 10.4979
341: [2020-06-18 21:50:47.767] [debug] No integration dimension requested, bypassing integration.
342: [2020-06-18 21:50:47.767] [debug] Result:
343: [2020-06-18 21:50:47.767] [debug] 6.68899e-07 +- 0
344: [2020-06-18 21:50:47.767] [debug] Integration status: 0
345: [2020-06-18 21:50:47.767] [debug] Hist in pool: 0
346: [2020-06-18 21:50:47.767] [error] BAD WEIGHT CALCULATED: 1; at point: -3.40969
347: [2020-06-18 21:50:47.767] [info] Weight computed in 0ms
348: [2020-06-18 21:50:47.767] [info] finished computing weight: 3
349: [2020-06-18 21:50:47.767] [info] calculating higgs width at -2.87959
350: [2020-06-18 21:50:47.768] [debug] Input declared: electron
351: [2020-06-18 21:50:47.768] [debug] Input declared: muon
352: [2020-06-18 21:50:47.768] [debug] Input declared: antimuon
353: [2020-06-18 21:50:47.768] [debug] Input declared: positron
354: [2020-06-18 21:50:47.776] [debug] Configuration declared integrand component using: h_ZZ_4l::output
355: [2020-06-18 21:50:47.776] [info] Number of expected inputs: 4
356: [2020-06-18 21:50:47.776] [info] Number of dimensions for integration: 0
357: [2020-06-18 21:50:47.776] [debug] e-_E: 44.1461
358: [2020-06-18 21:50:47.776] [debug] e-_px: 23.7346
359: [2020-06-18 21:50:47.776] [debug] e-_py: -30.8957
360: [2020-06-18 21:50:47.776] [debug] e-_pz: 20.7606
361: [2020-06-18 21:50:47.776] [debug] m-_E: 21.6172
362: [2020-06-18 21:50:47.776] [debug] m-_px: 14.6456
363: [2020-06-18 21:50:47.776] [debug] m-_py: -7.87745
364: [2020-06-18 21:50:47.776] [debug] m-_pz: 13.8113
365: [2020-06-18 21:50:47.776] [debug] mu+_E: 15.1155
366: [2020-06-18 21:50:47.776] [debug] mu+_px: 7.1964
367: [2020-06-18 21:50:47.776] [debug] mu+_py: 12.3767
368: [2020-06-18 21:50:47.776] [debug] mu+_pz: 4.84839
369: [2020-06-18 21:50:47.776] [debug] e+_E: 53.7049
370: [2020-06-18 21:50:47.776] [debug] e+_px: -45.5767
371: [2020-06-18 21:50:47.776] [debug] e+_py: 26.3965
372: [2020-06-18 21:50:47.776] [debug] e+_pz: 10.4979
373: [2020-06-18 21:50:47.776] [debug] No integration dimension requested, bypassing integration.
374: [2020-06-18 21:50:47.777] [debug] Result:
375: [2020-06-18 21:50:47.777] [debug] 6.67904e-07 +- 0
376: [2020-06-18 21:50:47.777] [debug] Integration status: 0
377: [2020-06-18 21:50:47.777] [debug] Hist in pool: 0
378: [2020-06-18 21:50:47.777] [error] BAD WEIGHT CALCULATED: 1; at point: -2.87959
379: [2020-06-18 21:50:47.777] [info] Weight computed in 0ms
380: [2020-06-18 21:50:47.777] [info] finished computing weight: 4
381: [2020-06-18 21:50:47.777] [info] calculating higgs width at -2.34948
382: [2020-06-18 21:50:47.777] [debug] Input declared: electron
383: [2020-06-18 21:50:47.777] [debug] Input declared: muon
384: [2020-06-18 21:50:47.777] [debug] Input declared: antimuon
385: [2020-06-18 21:50:47.777] [debug] Input declared: positron
386: [2020-06-18 21:50:47.785] [debug] Configuration declared integrand component using: h_ZZ_4l::output
387: [2020-06-18 21:50:47.785] [info] Number of expected inputs: 4
388: [2020-06-18 21:50:47.785] [info] Number of dimensions for integration: 0
389: [2020-06-18 21:50:47.785] [debug] e-_E: 44.1461
390: [2020-06-18 21:50:47.785] [debug] e-_px: 23.7346
391: [2020-06-18 21:50:47.785] [debug] e-_py: -30.8957
392: [2020-06-18 21:50:47.785] [debug] e-_pz: 20.7606
393: [2020-06-18 21:50:47.785] [debug] m-_E: 21.6172
394: [2020-06-18 21:50:47.785] [debug] m-_px: 14.6456
395: [2020-06-18 21:50:47.785] [debug] m-_py: -7.87745
396: [2020-06-18 21:50:47.785] [debug] m-_pz: 13.8113
397: [2020-06-18 21:50:47.785] [debug] mu+_E: 15.1155
398: [2020-06-18 21:50:47.785] [debug] mu+_px: 7.1964
399: [2020-06-18 21:50:47.785] [debug] mu+_py: 12.3767
400: [2020-06-18 21:50:47.785] [debug] mu+_pz: 4.84839
401: [2020-06-18 21:50:47.785] [debug] e+_E: 53.7049
402: [2020-06-18 21:50:47.785] [debug] e+_px: -45.5767
403: [2020-06-18 21:50:47.785] [debug] e+_py: 26.3965
404: [2020-06-18 21:50:47.785] [debug] e+_pz: 10.4979
405: [2020-06-18 21:50:47.785] [debug] No integration dimension requested, bypassing integration.
406: [2020-06-18 21:50:47.785] [debug] Result:
407: [2020-06-18 21:50:47.785] [debug] 6.56682e-07 +- 0
408: [2020-06-18 21:50:47.785] [debug] Integration status: 0
409: [2020-06-18 21:50:47.785] [debug] Hist in pool: 0
410: [2020-06-18 21:50:47.785] [error] BAD WEIGHT CALCULATED: 1; at point: -2.34948
411: [2020-06-18 21:50:47.785] [info] Weight computed in 0ms
412: [2020-06-18 21:50:47.785] [info] finished computing weight: 5
413: [2020-06-18 21:50:47.785] [info] finished computing event: 1
414: [2020-06-18 21:50:47.785] [info] weight: 0
415: [2020-06-18 21:50:47.785] [info] ratio: 0
416: [2020-06-18 21:50:47.786] [info] weight: 0
417: [2020-06-18 21:50:47.786] [info] ratio: 0
418: [2020-06-18 21:50:47.786] [info] weight: 0
419: [2020-06-18 21:50:47.786] [info] ratio: 0
420: [2020-06-18 21:50:47.786] [info] weight: 0
421: [2020-06-18 21:50:47.786] [info] ratio: 0
422: [2020-06-18 21:50:47.786] [info] weight: 0
423: [2020-06-18 21:50:47.786] [info] ratio: 0
424: [2020-06-18 21:50:47.786] [info] weight: 0
425: [2020-06-18 21:50:47.786] [info] ratio: 0
426: [2020-06-18 21:50:47.786] [info] calculating event 2/5
427: [2020-06-18 21:50:47.786] [info] calculating higgs width at -5
428: [2020-06-18 21:50:47.786] [debug] Input declared: electron
429: [2020-06-18 21:50:47.786] [debug] Input declared: muon
430: [2020-06-18 21:50:47.786] [debug] Input declared: antimuon
431: [2020-06-18 21:50:47.786] [debug] Input declared: positron
432: [2020-06-18 21:50:47.795] [debug] Configuration declared integrand component using: h_ZZ_4l::output
433: [2020-06-18 21:50:47.795] [info] Number of expected inputs: 4
434: [2020-06-18 21:50:47.795] [info] Number of dimensions for integration: 0
435: [2020-06-18 21:50:47.795] [debug] e-_E: 12.5502
436: [2020-06-18 21:50:47.795] [debug] e-_px: 9.8202
437: [2020-06-18 21:50:47.795] [debug] e-_py: -4.91742
438: [2020-06-18 21:50:47.795] [debug] e-_pz: 6.07365
439: [2020-06-18 21:50:47.795] [debug] m-_E: 53.9499
440: [2020-06-18 21:50:47.795] [debug] m-_px: -27.8983
441: [2020-06-18 21:50:47.795] [debug] m-_py: 39.2446
442: [2020-06-18 21:50:47.795] [debug] m-_pz: 24.334
443: [2020-06-18 21:50:47.795] [debug] mu+_E: 87.727
444: [2020-06-18 21:50:47.795] [debug] mu+_px: 19.6692
445: [2020-06-18 21:50:47.795] [debug] mu+_py: -13.2741
446: [2020-06-18 21:50:47.795] [debug] mu+_pz: 84.4568
447: [2020-06-18 21:50:47.795] [debug] e+_E: 41.2914
448: [2020-06-18 21:50:47.795] [debug] e+_px: -1.59115
449: [2020-06-18 21:50:47.795] [debug] e+_py: -21.0531
450: [2020-06-18 21:50:47.795] [debug] e+_pz: 35.4854
451: [2020-06-18 21:50:47.795] [debug] No integration dimension requested, bypassing integration.
452: [2020-06-18 21:50:47.795] [debug] Result:
453: [2020-06-18 21:50:47.795] [debug] 1.37784e-07 +- 0
454: [2020-06-18 21:50:47.795] [debug] Integration status: 0
455: [2020-06-18 21:50:47.795] [debug] Hist in pool: 0
456: [2020-06-18 21:50:47.795] [error] BAD WEIGHT CALCULATED: 2; at point: -5
457: [2020-06-18 21:50:47.795] [info] Weight computed in 0ms
458: [2020-06-18 21:50:47.795] [info] finished computing weight: 0
459: [2020-06-18 21:50:47.795] [info] calculating higgs width at -4.4699
460: [2020-06-18 21:50:47.795] [debug] Input declared: electron
461: [2020-06-18 21:50:47.795] [debug] Input declared: muon
462: [2020-06-18 21:50:47.795] [debug] Input declared: antimuon
463: [2020-06-18 21:50:47.795] [debug] Input declared: positron
464: [2020-06-18 21:50:47.804] [debug] Configuration declared integrand component using: h_ZZ_4l::output
465: [2020-06-18 21:50:47.804] [info] Number of expected inputs: 4
466: [2020-06-18 21:50:47.804] [info] Number of dimensions for integration: 0
467: [2020-06-18 21:50:47.804] [debug] e-_E: 12.5502
468: [2020-06-18 21:50:47.804] [debug] e-_px: 9.8202
469: [2020-06-18 21:50:47.804] [debug] e-_py: -4.91742
470: [2020-06-18 21:50:47.804] [debug] e-_pz: 6.07365
471: [2020-06-18 21:50:47.804] [debug] m-_E: 53.9499
472: [2020-06-18 21:50:47.804] [debug] m-_px: -27.8983
473: [2020-06-18 21:50:47.804] [debug] m-_py: 39.2446
474: [2020-06-18 21:50:47.804] [debug] m-_pz: 24.334
475: [2020-06-18 21:50:47.804] [debug] mu+_E: 87.727
476: [2020-06-18 21:50:47.804] [debug] mu+_px: 19.6692
477: [2020-06-18 21:50:47.804] [debug] mu+_py: -13.2741
478: [2020-06-18 21:50:47.804] [debug] mu+_pz: 84.4568
479: [2020-06-18 21:50:47.804] [debug] e+_E: 41.2914
480: [2020-06-18 21:50:47.804] [debug] e+_px: -1.59115
481: [2020-06-18 21:50:47.804] [debug] e+_py: -21.0531
482: [2020-06-18 21:50:47.804] [debug] e+_pz: 35.4854
483: [2020-06-18 21:50:47.804] [debug] No integration dimension requested, bypassing integration.
484: [2020-06-18 21:50:47.804] [debug] Result:
485: [2020-06-18 21:50:47.804] [debug] 1.37784e-07 +- 0
486: [2020-06-18 21:50:47.804] [debug] Integration status: 0
487: [2020-06-18 21:50:47.804] [debug] Hist in pool: 0
488: [2020-06-18 21:50:47.804] [error] BAD WEIGHT CALCULATED: 2; at point: -4.4699
489: [2020-06-18 21:50:47.804] [info] Weight computed in 0ms
490: [2020-06-18 21:50:47.804] [info] finished computing weight: 1
491: [2020-06-18 21:50:47.804] [info] calculating higgs width at -3.93979
492: [2020-06-18 21:50:47.805] [debug] Input declared: electron
493: [2020-06-18 21:50:47.805] [debug] Input declared: muon
494: [2020-06-18 21:50:47.805] [debug] Input declared: antimuon
495: [2020-06-18 21:50:47.805] [debug] Input declared: positron
496: [2020-06-18 21:50:47.813] [debug] Configuration declared integrand component using: h_ZZ_4l::output
497: [2020-06-18 21:50:47.813] [info] Number of expected inputs: 4
498: [2020-06-18 21:50:47.813] [info] Number of dimensions for integration: 0
499: [2020-06-18 21:50:47.813] [debug] e-_E: 12.5502
500: [2020-06-18 21:50:47.813] [debug] e-_px: 9.8202
501: [2020-06-18 21:50:47.813] [debug] e-_py: -4.91742
502: [2020-06-18 21:50:47.813] [debug] e-_pz: 6.07365
503: [2020-06-18 21:50:47.813] [debug] m-_E: 53.9499
504: [2020-06-18 21:50:47.813] [debug] m-_px: -27.8983
505: [2020-06-18 21:50:47.813] [debug] m-_py: 39.2446
506: [2020-06-18 21:50:47.813] [debug] m-_pz: 24.334
507: [2020-06-18 21:50:47.813] [debug] mu+_E: 87.727
508: [2020-06-18 21:50:47.813] [debug] mu+_px: 19.6692
509: [2020-06-18 21:50:47.813] [debug] mu+_py: -13.2741
510: [2020-06-18 21:50:47.813] [debug] mu+_pz: 84.4568
511: [2020-06-18 21:50:47.813] [debug] e+_E: 41.2914
512: [2020-06-18 21:50:47.813] [debug] e+_px: -1.59115
513: [2020-06-18 21:50:47.814] [debug] e+_py: -21.0531
514: [2020-06-18 21:50:47.814] [debug] e+_pz: 35.4854
515: [2020-06-18 21:50:47.814] [debug] No integration dimension requested, bypassing integration.
516: [2020-06-18 21:50:47.814] [debug] Result:
517: [2020-06-18 21:50:47.814] [debug] 1.3778e-07 +- 0
518: [2020-06-18 21:50:47.814] [debug] Integration status: 0
519: [2020-06-18 21:50:47.814] [debug] Hist in pool: 0
520: [2020-06-18 21:50:47.814] [error] BAD WEIGHT CALCULATED: 2; at point: -3.93979
521: [2020-06-18 21:50:47.814] [info] Weight computed in 0ms
522: [2020-06-18 21:50:47.814] [info] finished computing weight: 2
523: [2020-06-18 21:50:47.814] [info] calculating higgs width at -3.40969
524: [2020-06-18 21:50:47.814] [debug] Input declared: electron
525: [2020-06-18 21:50:47.814] [debug] Input declared: muon
526: [2020-06-18 21:50:47.814] [debug] Input declared: antimuon
527: [2020-06-18 21:50:47.814] [debug] Input declared: positron
528: [2020-06-18 21:50:47.823] [debug] Configuration declared integrand component using: h_ZZ_4l::output
529: [2020-06-18 21:50:47.823] [info] Number of expected inputs: 4
530: [2020-06-18 21:50:47.823] [info] Number of dimensions for integration: 0
531: [2020-06-18 21:50:47.823] [debug] e-_E: 12.5502
532: [2020-06-18 21:50:47.823] [debug] e-_px: 9.8202
533: [2020-06-18 21:50:47.823] [debug] e-_py: -4.91742
534: [2020-06-18 21:50:47.823] [debug] e-_pz: 6.07365
535: [2020-06-18 21:50:47.823] [debug] m-_E: 53.9499
536: [2020-06-18 21:50:47.823] [debug] m-_px: -27.8983
537: [2020-06-18 21:50:47.823] [debug] m-_py: 39.2446
538: [2020-06-18 21:50:47.823] [debug] m-_pz: 24.334
539: [2020-06-18 21:50:47.823] [debug] mu+_E: 87.727
540: [2020-06-18 21:50:47.823] [debug] mu+_px: 19.6692
541: [2020-06-18 21:50:47.823] [debug] mu+_py: -13.2741
542: [2020-06-18 21:50:47.823] [debug] mu+_pz: 84.4568
543: [2020-06-18 21:50:47.823] [debug] e+_E: 41.2914
544: [2020-06-18 21:50:47.823] [debug] e+_px: -1.59115
545: [2020-06-18 21:50:47.823] [debug] e+_py: -21.0531
546: [2020-06-18 21:50:47.823] [debug] e+_pz: 35.4854
547: [2020-06-18 21:50:47.823] [debug] No integration dimension requested, bypassing integration.
548: [2020-06-18 21:50:47.823] [debug] Result:
549: [2020-06-18 21:50:47.823] [debug] 1.37736e-07 +- 0
550: [2020-06-18 21:50:47.823] [debug] Integration status: 0
551: [2020-06-18 21:50:47.823] [debug] Hist in pool: 0
552: [2020-06-18 21:50:47.823] [error] BAD WEIGHT CALCULATED: 2; at point: -3.40969
553: [2020-06-18 21:50:47.823] [info] Weight computed in 0ms
554: [2020-06-18 21:50:47.823] [info] finished computing weight: 3
555: [2020-06-18 21:50:47.823] [info] calculating higgs width at -2.87959
556: [2020-06-18 21:50:47.823] [debug] Input declared: electron
557: [2020-06-18 21:50:47.823] [debug] Input declared: muon
558: [2020-06-18 21:50:47.823] [debug] Input declared: antimuon
559: [2020-06-18 21:50:47.823] [debug] Input declared: positron
560: [2020-06-18 21:50:47.832] [debug] Configuration declared integrand component using: h_ZZ_4l::output
561: [2020-06-18 21:50:47.832] [info] Number of expected inputs: 4
562: [2020-06-18 21:50:47.832] [info] Number of dimensions for integration: 0
563: [2020-06-18 21:50:47.832] [debug] e-_E: 12.5502
564: [2020-06-18 21:50:47.832] [debug] e-_px: 9.8202
565: [2020-06-18 21:50:47.832] [debug] e-_py: -4.91742
566: [2020-06-18 21:50:47.832] [debug] e-_pz: 6.07365
567: [2020-06-18 21:50:47.832] [debug] m-_E: 53.9499
568: [2020-06-18 21:50:47.832] [debug] m-_px: -27.8983
569: [2020-06-18 21:50:47.832] [debug] m-_py: 39.2446
570: [2020-06-18 21:50:47.832] [debug] m-_pz: 24.334
571: [2020-06-18 21:50:47.832] [debug] mu+_E: 87.727
572: [2020-06-18 21:50:47.832] [debug] mu+_px: 19.6692
573: [2020-06-18 21:50:47.832] [debug] mu+_py: -13.2741
574: [2020-06-18 21:50:47.832] [debug] mu+_pz: 84.4568
575: [2020-06-18 21:50:47.832] [debug] e+_E: 41.2914
576: [2020-06-18 21:50:47.832] [debug] e+_px: -1.59115
577: [2020-06-18 21:50:47.832] [debug] e+_py: -21.0531
578: [2020-06-18 21:50:47.832] [debug] e+_pz: 35.4854
579: [2020-06-18 21:50:47.832] [debug] No integration dimension requested, bypassing integration.
580: [2020-06-18 21:50:47.833] [debug] Result:
581: [2020-06-18 21:50:47.833] [debug] 1.3723e-07 +- 0
582: [2020-06-18 21:50:47.833] [debug] Integration status: 0
583: [2020-06-18 21:50:47.833] [debug] Hist in pool: 0
584: [2020-06-18 21:50:47.833] [error] BAD WEIGHT CALCULATED: 2; at point: -2.87959
585: [2020-06-18 21:50:47.833] [info] Weight computed in 0ms
586: [2020-06-18 21:50:47.833] [info] finished computing weight: 4
587: [2020-06-18 21:50:47.833] [info] calculating higgs width at -2.34948
588: [2020-06-18 21:50:47.833] [debug] Input declared: electron
589: [2020-06-18 21:50:47.833] [debug] Input declared: muon
590: [2020-06-18 21:50:47.833] [debug] Input declared: antimuon
591: [2020-06-18 21:50:47.833] [debug] Input declared: positron
592: [2020-06-18 21:50:47.842] [debug] Configuration declared integrand component using: h_ZZ_4l::output
593: [2020-06-18 21:50:47.842] [info] Number of expected inputs: 4
594: [2020-06-18 21:50:47.842] [info] Number of dimensions for integration: 0
595: [2020-06-18 21:50:47.842] [debug] e-_E: 12.5502
596: [2020-06-18 21:50:47.842] [debug] e-_px: 9.8202
597: [2020-06-18 21:50:47.842] [debug] e-_py: -4.91742
598: [2020-06-18 21:50:47.842] [debug] e-_pz: 6.07365
599: [2020-06-18 21:50:47.842] [debug] m-_E: 53.9499
600: [2020-06-18 21:50:47.842] [debug] m-_px: -27.8983
601: [2020-06-18 21:50:47.842] [debug] m-_py: 39.2446
602: [2020-06-18 21:50:47.842] [debug] m-_pz: 24.334
603: [2020-06-18 21:50:47.842] [debug] mu+_E: 87.727
604: [2020-06-18 21:50:47.842] [debug] mu+_px: 19.6692
605: [2020-06-18 21:50:47.842] [debug] mu+_py: -13.2741
606: [2020-06-18 21:50:47.842] [debug] mu+_pz: 84.4568
607: [2020-06-18 21:50:47.842] [debug] e+_E: 41.2914
608: [2020-06-18 21:50:47.842] [debug] e+_px: -1.59115
609: [2020-06-18 21:50:47.842] [debug] e+_py: -21.0531
610: [2020-06-18 21:50:47.842] [debug] e+_pz: 35.4854
611: [2020-06-18 21:50:47.842] [debug] No integration dimension requested, bypassing integration.
612: [2020-06-18 21:50:47.842] [debug] Result:
613: [2020-06-18 21:50:47.842] [debug] 1.31678e-07 +- 0
614: [2020-06-18 21:50:47.842] [debug] Integration status: 0
615: [2020-06-18 21:50:47.842] [debug] Hist in pool: 0
616: [2020-06-18 21:50:47.842] [error] BAD WEIGHT CALCULATED: 2; at point: -2.34948
617: [2020-06-18 21:50:47.842] [info] Weight computed in 0ms
618: [2020-06-18 21:50:47.842] [info] finished computing weight: 5
619: [2020-06-18 21:50:47.842] [info] finished computing event: 2
620: [2020-06-18 21:50:47.842] [info] weight: 0
621: [2020-06-18 21:50:47.842] [info] ratio: 0
622: [2020-06-18 21:50:47.842] [info] weight: 0
623: [2020-06-18 21:50:47.842] [info] ratio: 0
624: [2020-06-18 21:50:47.842] [info] weight: 0
625: [2020-06-18 21:50:47.842] [info] ratio: 0
626: [2020-06-18 21:50:47.842] [info] weight: 0
627: [2020-06-18 21:50:47.842] [info] ratio: 0
628: [2020-06-18 21:50:47.842] [info] weight: 0
629: [2020-06-18 21:50:47.842] [info] ratio: 0
630: [2020-06-18 21:50:47.842] [info] weight: 0
631: [2020-06-18 21:50:47.842] [info] ratio: 0
632: [2020-06-18 21:50:47.842] [info] calculating event 3/5
633: [2020-06-18 21:50:47.842] [info] calculating higgs width at -5
634: [2020-06-18 21:50:47.843] [debug] Input declared: electron
635: [2020-06-18 21:50:47.843] [debug] Input declared: muon
636: [2020-06-18 21:50:47.843] [debug] Input declared: antimuon
637: [2020-06-18 21:50:47.843] [debug] Input declared: positron
638: [2020-06-18 21:50:47.852] [debug] Configuration declared integrand component using: h_ZZ_4l::output
639: [2020-06-18 21:50:47.852] [info] Number of expected inputs: 4
640: [2020-06-18 21:50:47.852] [info] Number of dimensions for integration: 0
641: [2020-06-18 21:50:47.852] [debug] e-_E: 129.02
642: [2020-06-18 21:50:47.852] [debug] e-_px: -32.9552
643: [2020-06-18 21:50:47.852] [debug] e-_py: -20.3971
644: [2020-06-18 21:50:47.852] [debug] e-_pz: 123.061
645: [2020-06-18 21:50:47.852] [debug] m-_E: 10.4858
646: [2020-06-18 21:50:47.852] [debug] m-_px: 0.308642
647: [2020-06-18 21:50:47.852] [debug] m-_py: 9.8914
648: [2020-06-18 21:50:47.852] [debug] m-_pz: 3.46665
649: [2020-06-18 21:50:47.852] [debug] mu+_E: 130
650: [2020-06-18 21:50:47.852] [debug] mu+_px: -5.40439
651: [2020-06-18 21:50:47.852] [debug] mu+_py: -6.11682
652: [2020-06-18 21:50:47.852] [debug] mu+_pz: 129.743
653: [2020-06-18 21:50:47.852] [debug] e+_E: 142.791
654: [2020-06-18 21:50:47.852] [debug] e+_px: 38.0509
655: [2020-06-18 21:50:47.852] [debug] e+_py: 16.6226
656: [2020-06-18 21:50:47.852] [debug] e+_pz: 136.62
657: [2020-06-18 21:50:47.852] [debug] No integration dimension requested, bypassing integration.
658: [2020-06-18 21:50:47.852] [debug] Result:
659: [2020-06-18 21:50:47.852] [debug] 1.38199e-05 +- 0
660: [2020-06-18 21:50:47.852] [debug] Integration status: 0
661: [2020-06-18 21:50:47.852] [debug] Hist in pool: 0
662: [2020-06-18 21:50:47.852] [error] BAD WEIGHT CALCULATED: 3; at point: -5
663: [2020-06-18 21:50:47.852] [info] Weight computed in 0ms
664: [2020-06-18 21:50:47.852] [info] finished computing weight: 0
665: [2020-06-18 21:50:47.852] [info] calculating higgs width at -4.4699
666: [2020-06-18 21:50:47.852] [debug] Input declared: electron
667: [2020-06-18 21:50:47.852] [debug] Input declared: muon
668: [2020-06-18 21:50:47.852] [debug] Input declared: antimuon
669: [2020-06-18 21:50:47.852] [debug] Input declared: positron
670: [2020-06-18 21:50:47.861] [debug] Configuration declared integrand component using: h_ZZ_4l::output
671: [2020-06-18 21:50:47.861] [info] Number of expected inputs: 4
672: [2020-06-18 21:50:47.861] [info] Number of dimensions for integration: 0
673: [2020-06-18 21:50:47.861] [debug] e-_E: 129.02
674: [2020-06-18 21:50:47.861] [debug] e-_px: -32.9552
675: [2020-06-18 21:50:47.861] [debug] e-_py: -20.3971
676: [2020-06-18 21:50:47.861] [debug] e-_pz: 123.061
677: [2020-06-18 21:50:47.861] [debug] m-_E: 10.4858
678: [2020-06-18 21:50:47.861] [debug] m-_px: 0.308642
679: [2020-06-18 21:50:47.861] [debug] m-_py: 9.8914
680: [2020-06-18 21:50:47.861] [debug] m-_pz: 3.46665
681: [2020-06-18 21:50:47.861] [debug] mu+_E: 130
682: [2020-06-18 21:50:47.861] [debug] mu+_px: -5.40439
683: [2020-06-18 21:50:47.861] [debug] mu+_py: -6.11682
684: [2020-06-18 21:50:47.861] [debug] mu+_pz: 129.743
685: [2020-06-18 21:50:47.861] [debug] e+_E: 142.791
686: [2020-06-18 21:50:47.861] [debug] e+_px: 38.0509
687: [2020-06-18 21:50:47.861] [debug] e+_py: 16.6226
688: [2020-06-18 21:50:47.861] [debug] e+_pz: 136.62
689: [2020-06-18 21:50:47.861] [debug] No integration dimension requested, bypassing integration.
690: [2020-06-18 21:50:47.861] [debug] Result:
691: [2020-06-18 21:50:47.861] [debug] 1.38095e-05 +- 0
692: [2020-06-18 21:50:47.861] [debug] Integration status: 0
693: [2020-06-18 21:50:47.861] [debug] Hist in pool: 0
694: [2020-06-18 21:50:47.861] [error] BAD WEIGHT CALCULATED: 3; at point: -4.4699
695: [2020-06-18 21:50:47.861] [info] Weight computed in 0ms
696: [2020-06-18 21:50:47.861] [info] finished computing weight: 1
697: [2020-06-18 21:50:47.861] [info] calculating higgs width at -3.93979
698: [2020-06-18 21:50:47.861] [debug] Input declared: electron
699: [2020-06-18 21:50:47.861] [debug] Input declared: muon
700: [2020-06-18 21:50:47.861] [debug] Input declared: antimuon
701: [2020-06-18 21:50:47.861] [debug] Input declared: positron
702: [2020-06-18 21:50:47.870] [debug] Configuration declared integrand component using: h_ZZ_4l::output
703: [2020-06-18 21:50:47.870] [info] Number of expected inputs: 4
704: [2020-06-18 21:50:47.870] [info] Number of dimensions for integration: 0
705: [2020-06-18 21:50:47.870] [debug] e-_E: 129.02
706: [2020-06-18 21:50:47.870] [debug] e-_px: -32.9552
707: [2020-06-18 21:50:47.870] [debug] e-_py: -20.3971
708: [2020-06-18 21:50:47.870] [debug] e-_pz: 123.061
709: [2020-06-18 21:50:47.870] [debug] m-_E: 10.4858
710: [2020-06-18 21:50:47.870] [debug] m-_px: 0.308642
711: [2020-06-18 21:50:47.870] [debug] m-_py: 9.8914
712: [2020-06-18 21:50:47.870] [debug] m-_pz: 3.46665
713: [2020-06-18 21:50:47.870] [debug] mu+_E: 130
714: [2020-06-18 21:50:47.870] [debug] mu+_px: -5.40439
715: [2020-06-18 21:50:47.870] [debug] mu+_py: -6.11682
716: [2020-06-18 21:50:47.870] [debug] mu+_pz: 129.743
717: [2020-06-18 21:50:47.870] [debug] e+_E: 142.791
718: [2020-06-18 21:50:47.870] [debug] e+_px: 38.0509
719: [2020-06-18 21:50:47.870] [debug] e+_py: 16.6226
720: [2020-06-18 21:50:47.870] [debug] e+_pz: 136.62
721: [2020-06-18 21:50:47.870] [debug] No integration dimension requested, bypassing integration.
722: [2020-06-18 21:50:47.870] [debug] Result:
723: [2020-06-18 21:50:47.870] [debug] 1.36918e-05 +- 0
724: [2020-06-18 21:50:47.870] [debug] Integration status: 0
725: [2020-06-18 21:50:47.870] [debug] Hist in pool: 0
726: [2020-06-18 21:50:47.870] [error] BAD WEIGHT CALCULATED: 3; at point: -3.93979
727: [2020-06-18 21:50:47.870] [info] Weight computed in 0ms
728: [2020-06-18 21:50:47.870] [info] finished computing weight: 2
729: [2020-06-18 21:50:47.870] [info] calculating higgs width at -3.40969
730: [2020-06-18 21:50:47.870] [debug] Input declared: electron
731: [2020-06-18 21:50:47.870] [debug] Input declared: muon
732: [2020-06-18 21:50:47.870] [debug] Input declared: antimuon
733: [2020-06-18 21:50:47.871] [debug] Input declared: positron
734: [2020-06-18 21:50:47.880] [debug] Configuration declared integrand component using: h_ZZ_4l::output
735: [2020-06-18 21:50:47.880] [info] Number of expected inputs: 4
736: [2020-06-18 21:50:47.880] [info] Number of dimensions for integration: 0
737: [2020-06-18 21:50:47.880] [debug] e-_E: 129.02
738: [2020-06-18 21:50:47.880] [debug] e-_px: -32.9552
739: [2020-06-18 21:50:47.880] [debug] e-_py: -20.3971
740: [2020-06-18 21:50:47.880] [debug] e-_pz: 123.061
741: [2020-06-18 21:50:47.880] [debug] m-_E: 10.4858
742: [2020-06-18 21:50:47.880] [debug] m-_px: 0.308642
743: [2020-06-18 21:50:47.880] [debug] m-_py: 9.8914
744: [2020-06-18 21:50:47.880] [debug] m-_pz: 3.46665
745: [2020-06-18 21:50:47.880] [debug] mu+_E: 130
746: [2020-06-18 21:50:47.880] [debug] mu+_px: -5.40439
747: [2020-06-18 21:50:47.880] [debug] mu+_py: -6.11682
748: [2020-06-18 21:50:47.880] [debug] mu+_pz: 129.743
749: [2020-06-18 21:50:47.880] [debug] e+_E: 142.791
750: [2020-06-18 21:50:47.880] [debug] e+_px: 38.0509
751: [2020-06-18 21:50:47.880] [debug] e+_py: 16.6226
752: [2020-06-18 21:50:47.880] [debug] e+_pz: 136.62
753: [2020-06-18 21:50:47.880] [debug] No integration dimension requested, bypassing integration.
754: [2020-06-18 21:50:47.880] [debug] Result:
755: [2020-06-18 21:50:47.880] [debug] 1.24707e-05 +- 0
756: [2020-06-18 21:50:47.880] [debug] Integration status: 0
757: [2020-06-18 21:50:47.880] [debug] Hist in pool: 0
758: [2020-06-18 21:50:47.880] [error] BAD WEIGHT CALCULATED: 3; at point: -3.40969
759: [2020-06-18 21:50:47.880] [info] Weight computed in 0ms
760: [2020-06-18 21:50:47.880] [info] finished computing weight: 3
761: [2020-06-18 21:50:47.880] [info] calculating higgs width at -2.87959
762: [2020-06-18 21:50:47.880] [debug] Input declared: electron
763: [2020-06-18 21:50:47.880] [debug] Input declared: muon
764: [2020-06-18 21:50:47.880] [debug] Input declared: antimuon
765: [2020-06-18 21:50:47.880] [debug] Input declared: positron
766: [2020-06-18 21:50:47.889] [debug] Configuration declared integrand component using: h_ZZ_4l::output
767: [2020-06-18 21:50:47.889] [info] Number of expected inputs: 4
768: [2020-06-18 21:50:47.889] [info] Number of dimensions for integration: 0
769: [2020-06-18 21:50:47.889] [debug] e-_E: 129.02
770: [2020-06-18 21:50:47.889] [debug] e-_px: -32.9552
771: [2020-06-18 21:50:47.889] [debug] e-_py: -20.3971
772: [2020-06-18 21:50:47.889] [debug] e-_pz: 123.061
773: [2020-06-18 21:50:47.889] [debug] m-_E: 10.4858
774: [2020-06-18 21:50:47.889] [debug] m-_px: 0.308642
775: [2020-06-18 21:50:47.889] [debug] m-_py: 9.8914
776: [2020-06-18 21:50:47.889] [debug] m-_pz: 3.46665
777: [2020-06-18 21:50:47.889] [debug] mu+_E: 130
778: [2020-06-18 21:50:47.889] [debug] mu+_px: -5.40439
779: [2020-06-18 21:50:47.889] [debug] mu+_py: -6.11682
780: [2020-06-18 21:50:47.889] [debug] mu+_pz: 129.743
781: [2020-06-18 21:50:47.889] [debug] e+_E: 142.791
782: [2020-06-18 21:50:47.889] [debug] e+_px: 38.0509
783: [2020-06-18 21:50:47.889] [debug] e+_py: 16.6226
784: [2020-06-18 21:50:47.889] [debug] e+_pz: 136.62
785: [2020-06-18 21:50:47.889] [debug] No integration dimension requested, bypassing integration.
786: [2020-06-18 21:50:47.890] [debug] Result:
787: [2020-06-18 21:50:47.890] [debug] 6.15987e-06 +- 0
788: [2020-06-18 21:50:47.890] [debug] Integration status: 0
789: [2020-06-18 21:50:47.890] [debug] Hist in pool: 0
790: [2020-06-18 21:50:47.890] [error] BAD WEIGHT CALCULATED: 3; at point: -2.87959
791: [2020-06-18 21:50:47.890] [info] Weight computed in 0ms
792: [2020-06-18 21:50:47.890] [info] finished computing weight: 4
793: [2020-06-18 21:50:47.890] [info] calculating higgs width at -2.34948
794: [2020-06-18 21:50:47.890] [debug] Input declared: electron
795: [2020-06-18 21:50:47.890] [debug] Input declared: muon
796: [2020-06-18 21:50:47.890] [debug] Input declared: antimuon
797: [2020-06-18 21:50:47.890] [debug] Input declared: positron
798: [2020-06-18 21:50:47.899] [debug] Configuration declared integrand component using: h_ZZ_4l::output
799: [2020-06-18 21:50:47.899] [info] Number of expected inputs: 4
800: [2020-06-18 21:50:47.899] [info] Number of dimensions for integration: 0
801: [2020-06-18 21:50:47.899] [debug] e-_E: 129.02
802: [2020-06-18 21:50:47.899] [debug] e-_px: -32.9552
803: [2020-06-18 21:50:47.899] [debug] e-_py: -20.3971
804: [2020-06-18 21:50:47.899] [debug] e-_pz: 123.061
805: [2020-06-18 21:50:47.899] [debug] m-_E: 10.4858
806: [2020-06-18 21:50:47.899] [debug] m-_px: 0.308642
807: [2020-06-18 21:50:47.899] [debug] m-_py: 9.8914
808: [2020-06-18 21:50:47.899] [debug] m-_pz: 3.46665
809: [2020-06-18 21:50:47.899] [debug] mu+_E: 130
810: [2020-06-18 21:50:47.899] [debug] mu+_px: -5.40439
811: [2020-06-18 21:50:47.899] [debug] mu+_py: -6.11682
812: [2020-06-18 21:50:47.899] [debug] mu+_pz: 129.743
813: [2020-06-18 21:50:47.899] [debug] e+_E: 142.791
814: [2020-06-18 21:50:47.899] [debug] e+_px: 38.0509
815: [2020-06-18 21:50:47.899] [debug] e+_py: 16.6226
816: [2020-06-18 21:50:47.899] [debug] e+_pz: 136.62
817: [2020-06-18 21:50:47.899] [debug] No integration dimension requested, bypassing integration.
818: [2020-06-18 21:50:47.899] [debug] Result:
819: [2020-06-18 21:50:47.899] [debug] 9.04133e-07 +- 0
820: [2020-06-18 21:50:47.899] [debug] Integration status: 0
821: [2020-06-18 21:50:47.899] [debug] Hist in pool: 0
822: [2020-06-18 21:50:47.899] [error] BAD WEIGHT CALCULATED: 3; at point: -2.34948
823: [2020-06-18 21:50:47.899] [info] Weight computed in 0ms
824: [2020-06-18 21:50:47.899] [info] finished computing weight: 5
825: [2020-06-18 21:50:47.899] [info] finished computing event: 3
826: [2020-06-18 21:50:47.899] [info] weight: 0
827: [2020-06-18 21:50:47.899] [info] ratio: 0
828: [2020-06-18 21:50:47.899] [info] weight: 0
829: [2020-06-18 21:50:47.899] [info] ratio: 0
830: [2020-06-18 21:50:47.899] [info] weight: 0
831: [2020-06-18 21:50:47.899] [info] ratio: 0
832: [2020-06-18 21:50:47.899] [info] weight: 0
833: [2020-06-18 21:50:47.899] [info] ratio: 0
834: [2020-06-18 21:50:47.899] [info] weight: 0
835: [2020-06-18 21:50:47.899] [info] ratio: 0
836: [2020-06-18 21:50:47.899] [info] weight: 0
837: [2020-06-18 21:50:47.899] [info] ratio: 0
838: [2020-06-18 21:50:47.899] [info] calculating event 4/5
839: [2020-06-18 21:50:47.899] [info] calculating higgs width at -5
840: [2020-06-18 21:50:47.899] [debug] Input declared: electron
841: [2020-06-18 21:50:47.899] [debug] Input declared: muon
842: [2020-06-18 21:50:47.899] [debug] Input declared: antimuon
843: [2020-06-18 21:50:47.899] [debug] Input declared: positron
844: [2020-06-18 21:50:47.908] [debug] Configuration declared integrand component using: h_ZZ_4l::output
845: [2020-06-18 21:50:47.908] [info] Number of expected inputs: 4
846: [2020-06-18 21:50:47.908] [info] Number of dimensions for integration: 0
847: [2020-06-18 21:50:47.908] [debug] e-_E: 17.7091
848: [2020-06-18 21:50:47.908] [debug] e-_px: 11.7585
849: [2020-06-18 21:50:47.908] [debug] e-_py: 4.92869
850: [2020-06-18 21:50:47.908] [debug] e-_pz: 12.2906
851: [2020-06-18 21:50:47.908] [debug] m-_E: 59.0815
852: [2020-06-18 21:50:47.908] [debug] m-_px: 12.0716
853: [2020-06-18 21:50:47.908] [debug] m-_py: 1.15544
854: [2020-06-18 21:50:47.908] [debug] m-_pz: -57.8236
855: [2020-06-18 21:50:47.908] [debug] mu+_E: 37.6214
856: [2020-06-18 21:50:47.908] [debug] mu+_px: -22.6725
857: [2020-06-18 21:50:47.908] [debug] mu+_py: -5.33134
858: [2020-06-18 21:50:47.908] [debug] mu+_pz: 29.545
859: [2020-06-18 21:50:47.908] [debug] e+_E: 14.1555
860: [2020-06-18 21:50:47.908] [debug] e+_px: -1.15761
861: [2020-06-18 21:50:47.908] [debug] e+_py: -0.752785
862: [2020-06-18 21:50:47.908] [debug] e+_pz: -14.088
863: [2020-06-18 21:50:47.908] [debug] No integration dimension requested, bypassing integration.
864: [2020-06-18 21:50:47.908] [debug] Result:
865: [2020-06-18 21:50:47.908] [debug] 0.0453436 +- 0
866: [2020-06-18 21:50:47.908] [debug] Integration status: 0
867: [2020-06-18 21:50:47.908] [debug] Hist in pool: 0
868: [2020-06-18 21:50:47.908] [error] BAD WEIGHT CALCULATED: 4; at point: -5
869: [2020-06-18 21:50:47.908] [info] Weight computed in 0ms
870: [2020-06-18 21:50:47.908] [info] finished computing weight: 0
871: [2020-06-18 21:50:47.908] [info] calculating higgs width at -4.4699
872: [2020-06-18 21:50:47.908] [debug] Input declared: electron
873: [2020-06-18 21:50:47.908] [debug] Input declared: muon
874: [2020-06-18 21:50:47.908] [debug] Input declared: antimuon
875: [2020-06-18 21:50:47.908] [debug] Input declared: positron
876: [2020-06-18 21:50:47.917] [debug] Configuration declared integrand component using: h_ZZ_4l::output
877: [2020-06-18 21:50:47.917] [info] Number of expected inputs: 4
878: [2020-06-18 21:50:47.917] [info] Number of dimensions for integration: 0
879: [2020-06-18 21:50:47.917] [debug] e-_E: 17.7091
880: [2020-06-18 21:50:47.917] [debug] e-_px: 11.7585
881: [2020-06-18 21:50:47.917] [debug] e-_py: 4.92869
882: [2020-06-18 21:50:47.917] [debug] e-_pz: 12.2906
883: [2020-06-18 21:50:47.917] [debug] m-_E: 59.0815
884: [2020-06-18 21:50:47.917] [debug] m-_px: 12.0716
885: [2020-06-18 21:50:47.917] [debug] m-_py: 1.15544
886: [2020-06-18 21:50:47.917] [debug] m-_pz: -57.8236
887: [2020-06-18 21:50:47.917] [debug] mu+_E: 37.6214
888: [2020-06-18 21:50:47.917] [debug] mu+_px: -22.6725
889: [2020-06-18 21:50:47.917] [debug] mu+_py: -5.33134
890: [2020-06-18 21:50:47.917] [debug] mu+_pz: 29.545
891: [2020-06-18 21:50:47.917] [debug] e+_E: 14.1555
892: [2020-06-18 21:50:47.917] [debug] e+_px: -1.15761
893: [2020-06-18 21:50:47.917] [debug] e+_py: -0.752785
894: [2020-06-18 21:50:47.917] [debug] e+_pz: -14.088
895: [2020-06-18 21:50:47.917] [debug] No integration dimension requested, bypassing integration.
896: [2020-06-18 21:50:47.917] [debug] Result:
897: [2020-06-18 21:50:47.917] [debug] 0.043685 +- 0
898: [2020-06-18 21:50:47.917] [debug] Integration status: 0
899: [2020-06-18 21:50:47.917] [debug] Hist in pool: 0
900: [2020-06-18 21:50:47.917] [error] BAD WEIGHT CALCULATED: 4; at point: -4.4699
901: [2020-06-18 21:50:47.917] [info] Weight computed in 0ms
902: [2020-06-18 21:50:47.917] [info] finished computing weight: 1
903: [2020-06-18 21:50:47.917] [info] calculating higgs width at -3.93979
904: [2020-06-18 21:50:47.917] [debug] Input declared: electron
905: [2020-06-18 21:50:47.917] [debug] Input declared: muon
906: [2020-06-18 21:50:47.917] [debug] Input declared: antimuon
907: [2020-06-18 21:50:47.917] [debug] Input declared: positron
908: [2020-06-18 21:50:47.926] [debug] Configuration declared integrand component using: h_ZZ_4l::output
909: [2020-06-18 21:50:47.926] [info] Number of expected inputs: 4
910: [2020-06-18 21:50:47.926] [info] Number of dimensions for integration: 0
911: [2020-06-18 21:50:47.926] [debug] e-_E: 17.7091
912: [2020-06-18 21:50:47.926] [debug] e-_px: 11.7585
913: [2020-06-18 21:50:47.926] [debug] e-_py: 4.92869
914: [2020-06-18 21:50:47.926] [debug] e-_pz: 12.2906
915: [2020-06-18 21:50:47.926] [debug] m-_E: 59.0815
916: [2020-06-18 21:50:47.926] [debug] m-_px: 12.0716
917: [2020-06-18 21:50:47.926] [debug] m-_py: 1.15544
918: [2020-06-18 21:50:47.926] [debug] m-_pz: -57.8236
919: [2020-06-18 21:50:47.926] [debug] mu+_E: 37.6214
920: [2020-06-18 21:50:47.926] [debug] mu+_px: -22.6725
921: [2020-06-18 21:50:47.926] [debug] mu+_py: -5.33134
922: [2020-06-18 21:50:47.926] [debug] mu+_pz: 29.545
923: [2020-06-18 21:50:47.926] [debug] e+_E: 14.1555
924: [2020-06-18 21:50:47.926] [debug] e+_px: -1.15761
925: [2020-06-18 21:50:47.926] [debug] e+_py: -0.752785
926: [2020-06-18 21:50:47.926] [debug] e+_pz: -14.088
927: [2020-06-18 21:50:47.926] [debug] No integration dimension requested, bypassing integration.
928: [2020-06-18 21:50:47.926] [debug] Result:
929: [2020-06-18 21:50:47.926] [debug] 0.0307602 +- 0
930: [2020-06-18 21:50:47.926] [debug] Integration status: 0
931: [2020-06-18 21:50:47.927] [debug] Hist in pool: 0
932: [2020-06-18 21:50:47.927] [error] BAD WEIGHT CALCULATED: 4; at point: -3.93979
933: [2020-06-18 21:50:47.927] [info] Weight computed in 0ms
934: [2020-06-18 21:50:47.927] [info] finished computing weight: 2
935: [2020-06-18 21:50:47.927] [info] calculating higgs width at -3.40969
936: [2020-06-18 21:50:47.927] [debug] Input declared: electron
937: [2020-06-18 21:50:47.927] [debug] Input declared: muon
938: [2020-06-18 21:50:47.927] [debug] Input declared: antimuon
939: [2020-06-18 21:50:47.927] [debug] Input declared: positron
940: [2020-06-18 21:50:47.936] [debug] Configuration declared integrand component using: h_ZZ_4l::output
941: [2020-06-18 21:50:47.936] [info] Number of expected inputs: 4
942: [2020-06-18 21:50:47.936] [info] Number of dimensions for integration: 0
943: [2020-06-18 21:50:47.936] [debug] e-_E: 17.7091
944: [2020-06-18 21:50:47.936] [debug] e-_px: 11.7585
945: [2020-06-18 21:50:47.936] [debug] e-_py: 4.92869
946: [2020-06-18 21:50:47.936] [debug] e-_pz: 12.2906
947: [2020-06-18 21:50:47.936] [debug] m-_E: 59.0815
948: [2020-06-18 21:50:47.936] [debug] m-_px: 12.0716
949: [2020-06-18 21:50:47.936] [debug] m-_py: 1.15544
950: [2020-06-18 21:50:47.936] [debug] m-_pz: -57.8236
951: [2020-06-18 21:50:47.936] [debug] mu+_E: 37.6214
952: [2020-06-18 21:50:47.936] [debug] mu+_px: -22.6725
953: [2020-06-18 21:50:47.936] [debug] mu+_py: -5.33134
954: [2020-06-18 21:50:47.936] [debug] mu+_pz: 29.545
955: [2020-06-18 21:50:47.936] [debug] e+_E: 14.1555
956: [2020-06-18 21:50:47.936] [debug] e+_px: -1.15761
957: [2020-06-18 21:50:47.936] [debug] e+_py: -0.752785
958: [2020-06-18 21:50:47.936] [debug] e+_pz: -14.088
959: [2020-06-18 21:50:47.936] [debug] No integration dimension requested, bypassing integration.
960: [2020-06-18 21:50:47.936] [debug] Result:
961: [2020-06-18 21:50:47.936] [debug] 0.0069932 +- 0
962: [2020-06-18 21:50:47.936] [debug] Integration status: 0
963: [2020-06-18 21:50:47.936] [debug] Hist in pool: 0
964: [2020-06-18 21:50:47.936] [error] BAD WEIGHT CALCULATED: 4; at point: -3.40969
965: [2020-06-18 21:50:47.936] [info] Weight computed in 0ms
966: [2020-06-18 21:50:47.936] [info] finished computing weight: 3
967: [2020-06-18 21:50:47.936] [info] calculating higgs width at -2.87959
968: [2020-06-18 21:50:47.936] [debug] Input declared: electron
969: [2020-06-18 21:50:47.936] [debug] Input declared: muon
970: [2020-06-18 21:50:47.936] [debug] Input declared: antimuon
971: [2020-06-18 21:50:47.936] [debug] Input declared: positron
972: [2020-06-18 21:50:47.945] [debug] Configuration declared integrand component using: h_ZZ_4l::output
973: [2020-06-18 21:50:47.945] [info] Number of expected inputs: 4
974: [2020-06-18 21:50:47.945] [info] Number of dimensions for integration: 0
975: [2020-06-18 21:50:47.945] [debug] e-_E: 17.7091
976: [2020-06-18 21:50:47.945] [debug] e-_px: 11.7585
977: [2020-06-18 21:50:47.945] [debug] e-_py: 4.92869
978: [2020-06-18 21:50:47.945] [debug] e-_pz: 12.2906
979: [2020-06-18 21:50:47.945] [debug] m-_E: 59.0815
980: [2020-06-18 21:50:47.945] [debug] m-_px: 12.0716
981: [2020-06-18 21:50:47.945] [debug] m-_py: 1.15544
982: [2020-06-18 21:50:47.945] [debug] m-_pz: -57.8236
983: [2020-06-18 21:50:47.945] [debug] mu+_E: 37.6214
984: [2020-06-18 21:50:47.945] [debug] mu+_px: -22.6725
985: [2020-06-18 21:50:47.945] [debug] mu+_py: -5.33134
986: [2020-06-18 21:50:47.945] [debug] mu+_pz: 29.545
987: [2020-06-18 21:50:47.945] [debug] e+_E: 14.1555
988: [2020-06-18 21:50:47.945] [debug] e+_px: -1.15761
989: [2020-06-18 21:50:47.945] [debug] e+_py: -0.752785
990: [2020-06-18 21:50:47.945] [debug] e+_pz: -14.088
991: [2020-06-18 21:50:47.945] [debug] No integration dimension requested, bypassing integration.
992: [2020-06-18 21:50:47.945] [debug] Result:
993: [2020-06-18 21:50:47.945] [debug] 0.000708138 +- 0
994: [2020-06-18 21:50:47.945] [debug] Integration status: 0
995: [2020-06-18 21:50:47.945] [debug] Hist in pool: 0
996: [2020-06-18 21:50:47.945] [error] BAD WEIGHT CALCULATED: 4; at point: -2.87959
997: [2020-06-18 21:50:47.945] [info] Weight computed in 0ms
998: [2020-06-18 21:50:47.945] [info] finished computing weight: 4
999: [2020-06-18 21:50:47.945] [info] calculating higgs width at -2.34948
1000: [2020-06-18 21:50:47.946] [debug] Input declared: electron
1001: [2020-06-18 21:50:47.946] [debug] Input declared: muon
1002: [2020-06-18 21:50:47.946] [debug] Input declared: antimuon
1003: [2020-06-18 21:50:47.946] [debug] Input declared: positron
1004: [2020-06-18 21:50:47.954] [debug] Configuration declared integrand component using: h_ZZ_4l::output
1005: [2020-06-18 21:50:47.954] [info] Number of expected inputs: 4
1006: [2020-06-18 21:50:47.954] [info] Number of dimensions for integration: 0
1007: [2020-06-18 21:50:47.954] [debug] e-_E: 17.7091
1008: [2020-06-18 21:50:47.954] [debug] e-_px: 11.7585
1009: [2020-06-18 21:50:47.954] [debug] e-_py: 4.92869
1010: [2020-06-18 21:50:47.954] [debug] e-_pz: 12.2906
1011: [2020-06-18 21:50:47.954] [debug] m-_E: 59.0815
1012: [2020-06-18 21:50:47.954] [debug] m-_px: 12.0716
1013: [2020-06-18 21:50:47.954] [debug] m-_py: 1.15544
1014: [2020-06-18 21:50:47.954] [debug] m-_pz: -57.8236
1015: [2020-06-18 21:50:47.954] [debug] mu+_E: 37.6214
1016: [2020-06-18 21:50:47.954] [debug] mu+_px: -22.6725
1017: [2020-06-18 21:50:47.954] [debug] mu+_py: -5.33134
1018: [2020-06-18 21:50:47.954] [debug] mu+_pz: 29.545
1019: [2020-06-18 21:50:47.955] [debug] e+_E: 14.1555
1020: [2020-06-18 21:50:47.955] [debug] e+_px: -1.15761
1021: [2020-06-18 21:50:47.955] [debug] e+_py: -0.752785
1022: [2020-06-18 21:50:47.955] [debug] e+_pz: -14.088
1023: [2020-06-18 21:50:47.955] [debug] No integration dimension requested, bypassing integration.
1024: [2020-06-18 21:50:47.955] [debug] Result:
1025: [2020-06-18 21:50:47.955] [debug] 6.25354e-05 +- 0
1026: [2020-06-18 21:50:47.955] [debug] Integration status: 0
1027: [2020-06-18 21:50:47.955] [debug] Hist in pool: 0
1028: [2020-06-18 21:50:47.955] [error] BAD WEIGHT CALCULATED: 4; at point: -2.34948
1029: [2020-06-18 21:50:47.955] [info] Weight computed in 0ms
1030: [2020-06-18 21:50:47.955] [info] finished computing weight: 5
1031: [2020-06-18 21:50:47.955] [info] finished computing event: 4
1032: [2020-06-18 21:50:47.955] [info] weight: 0
1033: [2020-06-18 21:50:47.955] [info] ratio: 0
1034: [2020-06-18 21:50:47.955] [info] weight: 0
1035: [2020-06-18 21:50:47.955] [info] ratio: 0
1036: [2020-06-18 21:50:47.955] [info] weight: 0
1037: [2020-06-18 21:50:47.955] [info] ratio: 0
1038: [2020-06-18 21:50:47.955] [info] weight: 0
1039: [2020-06-18 21:50:47.955] [info] ratio: 0
1040: [2020-06-18 21:50:47.955] [info] weight: 0
1041: [2020-06-18 21:50:47.955] [info] ratio: 0
1042: [2020-06-18 21:50:47.955] [info] weight: 0
1043: [2020-06-18 21:50:47.955] [info] ratio: 0
1044: [2020-06-18 21:50:47.955] [info] Finished, weights are in: /home/zbhatti/codebase/madminer/examples/higgs_4l/momemta/weights1.csv
